{"timestamp":"2023-11-07T07:39:35.265Z","method":"GET","url":"/api/v2/user/getuser","status":"401","responseTime":"6.568","response":{"status":401}}
{"timestamp":"2023-11-07T07:39:35.280Z","method":"GET","url":"/api/v2/shop/getSeller","status":"400","responseTime":"13.190","response":{"status":400}}
{"timestamp":"2023-11-07T07:39:35.307Z","method":"GET","url":"/api/v2/payment/stripeapikey","status":"200","responseTime":"1.096","response":{"status":200}}
{"timestamp":"2023-11-07T07:39:35.375Z","method":"GET","url":"/api/v2/product/get-all-products","status":"201","responseTime":"88.154","response":{"status":201}}
{"timestamp":"2023-11-07T07:39:35.380Z","method":"GET","url":"/api/v2/event/get-all-events","status":"201","responseTime":"79.555","response":{"status":201}}
{"timestamp":"2023-11-07T07:39:35.512Z","method":"GET","url":"/Custom-sticky-notes.png","status":"404","responseTime":"4.516","response":{"status":404}}
{"timestamp":"2023-11-07T07:39:35.590Z","method":"DELETE","url":"/api/v2/event/delete-shop-event/648568b9d8c1eb92bcc26ac8","status":"401","responseTime":"1.758","response":{"status":401}}
{"timestamp":"2023-11-07T07:41:54.995Z","method":"GET","url":"/Custom-sticky-notes.png","status":"404","responseTime":"0.511","response":{"status":404}}
{"timestamp":"2023-11-07T07:41:55.027Z","method":"DELETE","url":"/api/v2/event/delete-shop-event/648568b9d8c1eb92bcc26ac8","status":"401","responseTime":"0.825","response":{"status":401}}
{"timestamp":"2023-11-07T07:41:55.035Z","method":"GET","url":"/Custom-sticky-notes.png","status":"404","responseTime":"0.532","response":{"status":404}}
{"timestamp":"2023-11-07T07:51:57.742Z","method":"GET","url":"/api/v2/user/getuser","status":"401","responseTime":"1.614","response":{"status":401}}
{"timestamp":"2023-11-07T07:51:57.750Z","method":"GET","url":"/api/v2/shop/getSeller","status":"400","responseTime":"3.044","response":{"status":400}}
{"timestamp":"2023-11-07T07:51:57.758Z","method":"GET","url":"/api/v2/payment/stripeapikey","status":"304","responseTime":"0.674","response":{"status":304}}
{"timestamp":"2023-11-07T07:51:57.793Z","method":"GET","url":"/api/v2/product/get-all-products","status":"201","responseTime":"42.558","response":{"status":201}}
{"timestamp":"2023-11-07T07:51:57.796Z","method":"GET","url":"/api/v2/event/get-all-events","status":"201","responseTime":"40.314","response":{"status":201}}
{"timestamp":"2023-11-07T07:51:57.881Z","method":"GET","url":"/Custom-sticky-notes.png","status":"404","responseTime":"0.509","response":{"status":404}}
{"timestamp":"2023-11-07T07:51:57.942Z","method":"GET","url":"/Custom-sticky-notes.png","status":"404","responseTime":"0.671","response":{"status":404}}
{"timestamp":"2023-11-07T07:51:57.953Z","method":"DELETE","url":"/api/v2/event/delete-shop-event/648568b9d8c1eb92bcc26ac8","status":"401","responseTime":"0.898","response":{"status":401}}
{"timestamp":"2023-11-07T08:00:32.211Z","method":"GET","url":"/api/v2/user/getuser","status":"401","responseTime":"6.761","response":{"status":401}}
{"timestamp":"2023-11-07T08:00:32.222Z","method":"GET","url":"/api/v2/shop/getSeller","status":"400","responseTime":"8.229","response":{"status":400}}
{"timestamp":"2023-11-07T08:00:32.250Z","method":"GET","url":"/api/v2/payment/stripeapikey","status":"200","responseTime":"1.019","response":{"status":200}}
{"timestamp":"2023-11-07T08:00:32.310Z","method":"GET","url":"/api/v2/product/get-all-products","status":"201","responseTime":"80.986","response":{"status":201}}
{"timestamp":"2023-11-07T08:00:32.315Z","method":"GET","url":"/api/v2/event/get-all-events","status":"201","responseTime":"69.563","response":{"status":201}}
{"timestamp":"2023-11-07T08:00:32.360Z","method":"GET","url":"/Custom-sticky-notes.png","status":"404","responseTime":"2.930","response":{"status":404}}
{"timestamp":"2023-11-07T08:00:32.447Z","method":"DELETE","url":"/api/v2/event/delete-shop-event/648568b9d8c1eb92bcc26ac8","status":"401","responseTime":"1.493","response":{"status":401}}
{"timestamp":"2023-11-07T08:00:43.561Z","method":"GET","url":"/api/v2/product/get-all-products-shop/null","status":"201","responseTime":"36.031","response":{"status":201}}
{"timestamp":"2023-11-07T08:00:43.601Z","method":"GET","url":"/api/v2/product/get-all-products-shop/64856667d8c1eb92bcc26a10","status":"201","responseTime":"54.391","response":{"status":201}}
{"timestamp":"2023-11-07T08:00:50.159Z","method":"GET","url":"/Custom-sticky-notes.png","status":"404","responseTime":"0.521","response":{"status":404}}
{"timestamp":"2023-11-07T08:00:50.186Z","method":"DELETE","url":"/api/v2/event/delete-shop-event/648568b9d8c1eb92bcc26ac8","status":"401","responseTime":"0.886","response":{"status":401}}
{"timestamp":"2023-11-07T08:00:50.188Z","method":"GET","url":"/Custom-sticky-notes.png","status":"404","responseTime":"0.537","response":{"status":404}}
{"timestamp":"2023-11-07T08:00:53.338Z","method":"GET","url":"/Custom-sticky-notes.png","status":"404","responseTime":"0.415","response":{"status":404}}
{"timestamp":"2023-11-07T08:00:53.365Z","method":"GET","url":"/api/v2/product/get-all-products-shop/null","status":"201","responseTime":"36.641","response":{"status":201}}
{"timestamp":"2023-11-07T08:00:53.389Z","method":"GET","url":"/api/v2/product/get-all-products-shop/64856667d8c1eb92bcc26a10","status":"201","responseTime":"49.618","response":{"status":201}}
{"timestamp":"2023-11-07T08:00:56.624Z","method":"GET","url":"/Custom-sticky-notes.png","status":"404","responseTime":"0.539","response":{"status":404}}
{"timestamp":"2023-11-07T08:00:56.650Z","method":"DELETE","url":"/api/v2/event/delete-shop-event/648568b9d8c1eb92bcc26ac8","status":"401","responseTime":"0.741","response":{"status":401}}
{"timestamp":"2023-11-07T08:00:56.652Z","method":"GET","url":"/Custom-sticky-notes.png","status":"404","responseTime":"0.609","response":{"status":404}}
{"timestamp":"2023-11-07T08:00:59.165Z","method":"GET","url":"/api/v2/user/getuser","status":"401","responseTime":"1.204","response":{"status":401}}
{"timestamp":"2023-11-07T08:00:59.168Z","method":"GET","url":"/api/v2/shop/getSeller","status":"400","responseTime":"2.458","response":{"status":400}}
{"timestamp":"2023-11-07T08:00:59.178Z","method":"GET","url":"/api/v2/payment/stripeapikey","status":"304","responseTime":"1.007","response":{"status":304}}
{"timestamp":"2023-11-07T08:00:59.213Z","method":"GET","url":"/api/v2/product/get-all-products","status":"201","responseTime":"40.421","response":{"status":201}}
{"timestamp":"2023-11-07T08:00:59.216Z","method":"GET","url":"/api/v2/event/get-all-events","status":"201","responseTime":"41.023","response":{"status":201}}
{"timestamp":"2023-11-07T08:01:00.742Z","method":"GET","url":"/api/v2/user/getuser","status":"401","responseTime":"0.645","response":{"status":401}}
{"timestamp":"2023-11-07T08:01:00.746Z","method":"GET","url":"/api/v2/shop/getSeller","status":"400","responseTime":"1.788","response":{"status":400}}
{"timestamp":"2023-11-07T08:01:00.755Z","method":"GET","url":"/api/v2/payment/stripeapikey","status":"304","responseTime":"0.716","response":{"status":304}}
{"timestamp":"2023-11-07T08:01:00.787Z","method":"GET","url":"/api/v2/event/get-all-events","status":"201","responseTime":"35.495","response":{"status":201}}
{"timestamp":"2023-11-07T08:01:00.794Z","method":"GET","url":"/api/v2/product/get-all-products","status":"201","responseTime":"45.008","response":{"status":201}}
{"timestamp":"2023-11-07T08:01:02.609Z","method":"GET","url":"/api/v2/user/getuser","status":"401","responseTime":"0.589","response":{"status":401}}
{"timestamp":"2023-11-07T08:01:02.612Z","method":"GET","url":"/api/v2/shop/getSeller","status":"400","responseTime":"2.166","response":{"status":400}}
{"timestamp":"2023-11-07T08:01:02.619Z","method":"GET","url":"/api/v2/payment/stripeapikey","status":"304","responseTime":"0.551","response":{"status":304}}
{"timestamp":"2023-11-07T08:01:02.659Z","method":"GET","url":"/api/v2/product/get-all-products","status":"201","responseTime":"44.356","response":{"status":201}}
{"timestamp":"2023-11-07T08:01:02.662Z","method":"GET","url":"/api/v2/event/get-all-events","status":"201","responseTime":"45.351","response":{"status":201}}
{"timestamp":"2023-11-07T08:01:04.246Z","method":"GET","url":"/api/v2/user/getuser","status":"401","responseTime":"0.334","response":{"status":401}}
{"timestamp":"2023-11-07T08:01:04.249Z","method":"GET","url":"/api/v2/shop/getSeller","status":"400","responseTime":"1.729","response":{"status":400}}
{"timestamp":"2023-11-07T08:01:04.257Z","method":"GET","url":"/api/v2/payment/stripeapikey","status":"304","responseTime":"0.370","response":{"status":304}}
{"timestamp":"2023-11-07T08:01:04.289Z","method":"GET","url":"/api/v2/event/get-all-events","status":"201","responseTime":"34.483","response":{"status":201}}
{"timestamp":"2023-11-07T08:01:04.298Z","method":"GET","url":"/api/v2/product/get-all-products","status":"201","responseTime":"45.594","response":{"status":201}}
{"timestamp":"2023-11-07T08:01:05.677Z","method":"GET","url":"/api/v2/user/getuser","status":"401","responseTime":"0.411","response":{"status":401}}
{"timestamp":"2023-11-07T08:01:05.682Z","method":"GET","url":"/api/v2/shop/getSeller","status":"400","responseTime":"1.885","response":{"status":400}}
{"timestamp":"2023-11-07T08:01:05.687Z","method":"GET","url":"/api/v2/payment/stripeapikey","status":"304","responseTime":"0.321","response":{"status":304}}
{"timestamp":"2023-11-07T08:01:05.717Z","method":"GET","url":"/api/v2/event/get-all-events","status":"201","responseTime":"31.276","response":{"status":201}}
{"timestamp":"2023-11-07T08:01:05.723Z","method":"GET","url":"/api/v2/product/get-all-products","status":"201","responseTime":"38.714","response":{"status":201}}
{"timestamp":"2023-11-07T08:01:07.131Z","method":"GET","url":"/api/v2/user/getuser","status":"401","responseTime":"0.442","response":{"status":401}}
{"timestamp":"2023-11-07T08:01:07.136Z","method":"GET","url":"/api/v2/shop/getSeller","status":"400","responseTime":"1.950","response":{"status":400}}
{"timestamp":"2023-11-07T08:01:07.142Z","method":"GET","url":"/api/v2/payment/stripeapikey","status":"304","responseTime":"0.382","response":{"status":304}}
{"timestamp":"2023-11-07T08:01:07.172Z","method":"GET","url":"/api/v2/event/get-all-events","status":"201","responseTime":"31.552","response":{"status":201}}
{"timestamp":"2023-11-07T08:01:07.179Z","method":"GET","url":"/api/v2/product/get-all-products","status":"201","responseTime":"41.084","response":{"status":201}}
{"timestamp":"2023-11-07T08:01:07.199Z","method":"GET","url":"/Custom-sticky-notes.png","status":"404","responseTime":"0.436","response":{"status":404}}
{"timestamp":"2023-11-07T08:01:08.749Z","method":"GET","url":"/api/v2/user/getuser","status":"401","responseTime":"0.584","response":{"status":401}}
{"timestamp":"2023-11-07T08:01:08.757Z","method":"GET","url":"/api/v2/shop/getSeller","status":"400","responseTime":"2.595","response":{"status":400}}
{"timestamp":"2023-11-07T08:01:08.761Z","method":"GET","url":"/api/v2/payment/stripeapikey","status":"304","responseTime":"0.453","response":{"status":304}}
{"timestamp":"2023-11-07T08:01:08.795Z","method":"GET","url":"/api/v2/product/get-all-products","status":"201","responseTime":"43.221","response":{"status":201}}
{"timestamp":"2023-11-07T08:01:08.823Z","method":"GET","url":"/api/v2/event/get-all-events","status":"201","responseTime":"65.303","response":{"status":201}}
{"timestamp":"2023-11-07T08:01:10.222Z","method":"GET","url":"/api/v2/user/getuser","status":"401","responseTime":"0.414","response":{"status":401}}
{"timestamp":"2023-11-07T08:01:10.227Z","method":"GET","url":"/api/v2/shop/getSeller","status":"400","responseTime":"2.885","response":{"status":400}}
{"timestamp":"2023-11-07T08:01:10.236Z","method":"GET","url":"/api/v2/payment/stripeapikey","status":"304","responseTime":"0.803","response":{"status":304}}
{"timestamp":"2023-11-07T08:01:10.269Z","method":"GET","url":"/api/v2/event/get-all-events","status":"201","responseTime":"36.030","response":{"status":201}}
{"timestamp":"2023-11-07T08:01:10.275Z","method":"GET","url":"/api/v2/product/get-all-products","status":"201","responseTime":"44.022","response":{"status":201}}
{"timestamp":"2023-11-07T08:01:11.810Z","method":"GET","url":"/api/v2/user/getuser","status":"401","responseTime":"0.569","response":{"status":401}}
{"timestamp":"2023-11-07T08:01:11.816Z","method":"GET","url":"/api/v2/shop/getSeller","status":"400","responseTime":"2.921","response":{"status":400}}
{"timestamp":"2023-11-07T08:01:11.823Z","method":"GET","url":"/api/v2/payment/stripeapikey","status":"304","responseTime":"0.728","response":{"status":304}}
{"timestamp":"2023-11-07T08:01:11.855Z","method":"GET","url":"/api/v2/product/get-all-products","status":"201","responseTime":"37.433","response":{"status":201}}
{"timestamp":"2023-11-07T08:01:11.858Z","method":"GET","url":"/api/v2/event/get-all-events","status":"201","responseTime":"38.933","response":{"status":201}}
{"timestamp":"2023-11-07T08:01:13.451Z","method":"GET","url":"/api/v2/user/getuser","status":"401","responseTime":"0.380","response":{"status":401}}
{"timestamp":"2023-11-07T08:01:13.458Z","method":"GET","url":"/api/v2/shop/getSeller","status":"400","responseTime":"2.336","response":{"status":400}}
{"timestamp":"2023-11-07T08:01:13.463Z","method":"GET","url":"/api/v2/payment/stripeapikey","status":"304","responseTime":"0.502","response":{"status":304}}
{"timestamp":"2023-11-07T08:01:13.497Z","method":"GET","url":"/api/v2/event/get-all-events","status":"201","responseTime":"36.086","response":{"status":201}}
{"timestamp":"2023-11-07T08:01:13.505Z","method":"GET","url":"/api/v2/product/get-all-products","status":"201","responseTime":"46.011","response":{"status":201}}
{"timestamp":"2023-11-07T08:01:15.301Z","method":"GET","url":"/api/v2/user/getuser","status":"401","responseTime":"0.340","response":{"status":401}}
{"timestamp":"2023-11-07T08:01:15.305Z","method":"GET","url":"/api/v2/shop/getSeller","status":"400","responseTime":"1.722","response":{"status":400}}
{"timestamp":"2023-11-07T08:01:15.310Z","method":"GET","url":"/api/v2/payment/stripeapikey","status":"304","responseTime":"0.325","response":{"status":304}}
{"timestamp":"2023-11-07T08:01:15.346Z","method":"GET","url":"/api/v2/product/get-all-products","status":"201","responseTime":"38.829","response":{"status":201}}
{"timestamp":"2023-11-07T08:01:15.349Z","method":"GET","url":"/api/v2/event/get-all-events","status":"201","responseTime":"40.501","response":{"status":201}}
{"timestamp":"2023-11-07T08:01:16.087Z","method":"GET","url":"/Custom-sticky-notes.png","status":"404","responseTime":"0.385","response":{"status":404}}
{"timestamp":"2023-11-07T08:01:16.114Z","method":"DELETE","url":"/api/v2/event/delete-shop-event/648568b9d8c1eb92bcc26ac8","status":"401","responseTime":"0.371","response":{"status":401}}
{"timestamp":"2023-11-07T08:01:16.117Z","method":"GET","url":"/Custom-sticky-notes.png","status":"404","responseTime":"0.541","response":{"status":404}}
{"timestamp":"2023-11-07T08:01:18.256Z","method":"GET","url":"/api/v2/product/get-all-products-shop/null","status":"201","responseTime":"32.743","response":{"status":201}}
{"timestamp":"2023-11-07T08:01:18.273Z","method":"GET","url":"/api/v2/product/get-all-products-shop/64856667d8c1eb92bcc26a10","status":"201","responseTime":"40.756","response":{"status":201}}
{"timestamp":"2023-11-07T08:01:20.275Z","method":"GET","url":"/api/v2/user/getuser","status":"401","responseTime":"0.390","response":{"status":401}}
{"timestamp":"2023-11-07T08:01:20.280Z","method":"GET","url":"/api/v2/shop/getSeller","status":"400","responseTime":"1.885","response":{"status":400}}
{"timestamp":"2023-11-07T08:01:20.287Z","method":"GET","url":"/api/v2/payment/stripeapikey","status":"304","responseTime":"1.970","response":{"status":304}}
{"timestamp":"2023-11-07T08:01:20.322Z","method":"GET","url":"/api/v2/product/get-all-products","status":"201","responseTime":"40.871","response":{"status":201}}
{"timestamp":"2023-11-07T08:01:20.324Z","method":"GET","url":"/api/v2/event/get-all-events","status":"201","responseTime":"40.846","response":{"status":201}}
{"timestamp":"2023-11-07T08:01:22.572Z","method":"GET","url":"/Custom-sticky-notes.png","status":"404","responseTime":"0.511","response":{"status":404}}
{"timestamp":"2023-11-07T08:01:22.602Z","method":"DELETE","url":"/api/v2/event/delete-shop-event/648568b9d8c1eb92bcc26ac8","status":"401","responseTime":"0.448","response":{"status":401}}
{"timestamp":"2023-11-07T08:01:22.604Z","method":"GET","url":"/Custom-sticky-notes.png","status":"404","responseTime":"0.334","response":{"status":404}}
{"timestamp":"2023-11-07T08:01:32.350Z","method":"GET","url":"/Custom-sticky-notes.png","status":"404","responseTime":"0.410","response":{"status":404}}
{"timestamp":"2023-11-07T08:01:35.997Z","method":"GET","url":"/Custom-sticky-notes.png","status":"404","responseTime":"0.341","response":{"status":404}}
{"timestamp":"2023-11-07T08:01:37.255Z","method":"DELETE","url":"/api/v2/event/delete-shop-event/648568b9d8c1eb92bcc26ac8","status":"401","responseTime":"0.645","response":{"status":401}}
{"timestamp":"2023-11-07T08:01:38.256Z","method":"GET","url":"/Custom-sticky-notes.png","status":"404","responseTime":"0.374","response":{"status":404}}
{"timestamp":"2023-11-07T08:01:38.842Z","method":"DELETE","url":"/api/v2/event/delete-shop-event/648568b9d8c1eb92bcc26ac8","status":"401","responseTime":"0.576","response":{"status":401}}
{"timestamp":"2023-11-07T08:01:45.613Z","method":"GET","url":"/Custom-sticky-notes.png","status":"404","responseTime":"1.451","response":{"status":404}}
{"timestamp":"2023-11-07T08:01:45.638Z","method":"DELETE","url":"/api/v2/event/delete-shop-event/648568b9d8c1eb92bcc26ac8","status":"401","responseTime":"0.466","response":{"status":401}}
{"timestamp":"2023-11-07T08:01:45.641Z","method":"GET","url":"/Custom-sticky-notes.png","status":"404","responseTime":"0.406","response":{"status":404}}
{"timestamp":"2023-11-07T08:01:50.859Z","method":"GET","url":"/Custom-sticky-notes.png","status":"404","responseTime":"0.381","response":{"status":404}}
{"timestamp":"2023-11-07T08:01:50.891Z","method":"DELETE","url":"/api/v2/event/delete-shop-event/648568b9d8c1eb92bcc26ac8","status":"401","responseTime":"0.721","response":{"status":401}}
{"timestamp":"2023-11-07T08:01:50.894Z","method":"GET","url":"/Custom-sticky-notes.png","status":"404","responseTime":"0.257","response":{"status":404}}
