{"timestamp":"2023-11-03T12:23:13.033Z","method":"GET","url":"/api/v2/user/getuser","status":"401","responseTime":"3.780","response":{"status":401}}
{"timestamp":"2023-11-03T12:23:13.037Z","method":"GET","url":"/api/v2/shop/getSeller","status":"401","responseTime":"1.346","response":{"status":401}}
{"timestamp":"2023-11-03T12:23:13.051Z","method":"GET","url":"/api/v2/payment/stripeapikey","status":"200","responseTime":"1.571","response":{"status":200}}
{"timestamp":"2023-11-03T12:23:13.127Z","method":"GET","url":"/api/v2/product/get-all-products","status":"201","responseTime":"86.131","response":{"status":201}}
{"timestamp":"2023-11-03T12:23:13.131Z","method":"GET","url":"/api/v2/event/get-all-events","status":"201","responseTime":"85.203","response":{"status":201}}
{"timestamp":"2023-11-03T12:23:13.220Z","method":"DELETE","url":"/api/v2/event/delete-shop-event/648568b9d8c1eb92bcc26ac8","status":"401","responseTime":"1.524","response":{"status":401}}
{"timestamp":"2023-11-03T12:23:13.945Z","method":"GET","url":"/Custom-sticky-notes.png","status":"404","responseTime":"2.352","response":{"status":404}}
{"timestamp":"2023-11-03T12:23:14.219Z","method":"DELETE","url":"/api/v2/event/delete-shop-event/648568b9d8c1eb92bcc26ac8","status":"401","responseTime":"1.085","response":{"status":401}}
{"timestamp":"2023-11-03T12:23:16.166Z","method":"DELETE","url":"/api/v2/event/delete-shop-event/648568b9d8c1eb92bcc26ac8","status":"401","responseTime":"0.295","response":{"status":401}}
{"timestamp":"2023-11-03T12:23:18.167Z","method":"DELETE","url":"/api/v2/event/delete-shop-event/648568b9d8c1eb92bcc26ac8","status":"401","responseTime":"0.390","response":{"status":401}}
{"timestamp":"2023-11-03T12:23:20.168Z","method":"DELETE","url":"/api/v2/event/delete-shop-event/648568b9d8c1eb92bcc26ac8","status":"401","responseTime":"0.672","response":{"status":401}}
{"timestamp":"2023-11-03T12:23:22.164Z","method":"DELETE","url":"/api/v2/event/delete-shop-event/648568b9d8c1eb92bcc26ac8","status":"401","responseTime":"0.561","response":{"status":401}}
{"timestamp":"2023-11-03T12:23:23.167Z","method":"DELETE","url":"/api/v2/event/delete-shop-event/648568b9d8c1eb92bcc26ac8","status":"401","responseTime":"0.335","response":{"status":401}}
{"timestamp":"2023-11-03T12:23:25.167Z","method":"DELETE","url":"/api/v2/event/delete-shop-event/648568b9d8c1eb92bcc26ac8","status":"401","responseTime":"0.352","response":{"status":401}}
{"timestamp":"2023-11-03T12:23:26.180Z","method":"DELETE","url":"/api/v2/event/delete-shop-event/648568b9d8c1eb92bcc26ac8","status":"401","responseTime":"0.763","response":{"status":401}}
{"timestamp":"2023-11-03T12:23:28.168Z","method":"DELETE","url":"/api/v2/event/delete-shop-event/648568b9d8c1eb92bcc26ac8","status":"401","responseTime":"0.551","response":{"status":401}}
{"timestamp":"2023-11-03T12:23:29.167Z","method":"DELETE","url":"/api/v2/event/delete-shop-event/648568b9d8c1eb92bcc26ac8","status":"401","responseTime":"0.534","response":{"status":401}}
{"timestamp":"2023-11-03T12:23:30.170Z","method":"DELETE","url":"/api/v2/event/delete-shop-event/648568b9d8c1eb92bcc26ac8","status":"401","responseTime":"0.845","response":{"status":401}}
{"timestamp":"2023-11-03T12:23:32.171Z","method":"DELETE","url":"/api/v2/event/delete-shop-event/648568b9d8c1eb92bcc26ac8","status":"401","responseTime":"0.451","response":{"status":401}}
{"timestamp":"2023-11-03T12:23:33.187Z","method":"DELETE","url":"/api/v2/event/delete-shop-event/648568b9d8c1eb92bcc26ac8","status":"401","responseTime":"0.396","response":{"status":401}}
{"timestamp":"2023-11-03T12:23:35.173Z","method":"DELETE","url":"/api/v2/event/delete-shop-event/648568b9d8c1eb92bcc26ac8","status":"401","responseTime":"0.480","response":{"status":401}}
{"timestamp":"2023-11-03T12:23:37.179Z","method":"DELETE","url":"/api/v2/event/delete-shop-event/648568b9d8c1eb92bcc26ac8","status":"401","responseTime":"0.510","response":{"status":401}}
{"timestamp":"2023-11-03T12:23:39.165Z","method":"DELETE","url":"/api/v2/event/delete-shop-event/648568b9d8c1eb92bcc26ac8","status":"401","responseTime":"0.327","response":{"status":401}}
{"timestamp":"2023-11-03T12:23:41.181Z","method":"DELETE","url":"/api/v2/event/delete-shop-event/648568b9d8c1eb92bcc26ac8","status":"401","responseTime":"0.736","response":{"status":401}}
{"timestamp":"2023-11-03T12:23:43.166Z","method":"DELETE","url":"/api/v2/event/delete-shop-event/648568b9d8c1eb92bcc26ac8","status":"401","responseTime":"0.281","response":{"status":401}}
{"timestamp":"2023-11-03T12:23:45.176Z","method":"DELETE","url":"/api/v2/event/delete-shop-event/648568b9d8c1eb92bcc26ac8","status":"401","responseTime":"0.416","response":{"status":401}}
{"timestamp":"2023-11-03T12:23:47.170Z","method":"DELETE","url":"/api/v2/event/delete-shop-event/648568b9d8c1eb92bcc26ac8","status":"401","responseTime":"0.304","response":{"status":401}}
{"timestamp":"2023-11-03T12:23:49.171Z","method":"DELETE","url":"/api/v2/event/delete-shop-event/648568b9d8c1eb92bcc26ac8","status":"401","responseTime":"0.565","response":{"status":401}}
{"timestamp":"2023-11-03T12:23:51.174Z","method":"DELETE","url":"/api/v2/event/delete-shop-event/648568b9d8c1eb92bcc26ac8","status":"401","responseTime":"0.301","response":{"status":401}}
{"timestamp":"2023-11-03T12:23:53.167Z","method":"DELETE","url":"/api/v2/event/delete-shop-event/648568b9d8c1eb92bcc26ac8","status":"401","responseTime":"0.523","response":{"status":401}}
{"timestamp":"2023-11-03T12:23:55.183Z","method":"DELETE","url":"/api/v2/event/delete-shop-event/648568b9d8c1eb92bcc26ac8","status":"401","responseTime":"0.331","response":{"status":401}}
{"timestamp":"2023-11-03T12:23:57.166Z","method":"DELETE","url":"/api/v2/event/delete-shop-event/648568b9d8c1eb92bcc26ac8","status":"401","responseTime":"0.387","response":{"status":401}}
{"timestamp":"2023-11-03T12:23:59.168Z","method":"DELETE","url":"/api/v2/event/delete-shop-event/648568b9d8c1eb92bcc26ac8","status":"401","responseTime":"0.274","response":{"status":401}}
{"timestamp":"2023-11-03T12:24:01.178Z","method":"DELETE","url":"/api/v2/event/delete-shop-event/648568b9d8c1eb92bcc26ac8","status":"401","responseTime":"0.255","response":{"status":401}}
{"timestamp":"2023-11-03T12:24:03.162Z","method":"DELETE","url":"/api/v2/event/delete-shop-event/648568b9d8c1eb92bcc26ac8","status":"401","responseTime":"0.241","response":{"status":401}}
{"timestamp":"2023-11-03T12:24:05.179Z","method":"DELETE","url":"/api/v2/event/delete-shop-event/648568b9d8c1eb92bcc26ac8","status":"401","responseTime":"0.757","response":{"status":401}}
{"timestamp":"2023-11-03T12:24:07.178Z","method":"DELETE","url":"/api/v2/event/delete-shop-event/648568b9d8c1eb92bcc26ac8","status":"401","responseTime":"0.516","response":{"status":401}}
{"timestamp":"2023-11-03T12:24:09.173Z","method":"DELETE","url":"/api/v2/event/delete-shop-event/648568b9d8c1eb92bcc26ac8","status":"401","responseTime":"0.260","response":{"status":401}}
{"timestamp":"2023-11-03T12:24:11.174Z","method":"DELETE","url":"/api/v2/event/delete-shop-event/648568b9d8c1eb92bcc26ac8","status":"401","responseTime":"0.360","response":{"status":401}}
{"timestamp":"2023-11-03T12:24:13.179Z","method":"DELETE","url":"/api/v2/event/delete-shop-event/648568b9d8c1eb92bcc26ac8","status":"401","responseTime":"0.406","response":{"status":401}}
{"timestamp":"2023-11-03T12:24:15.163Z","method":"DELETE","url":"/api/v2/event/delete-shop-event/648568b9d8c1eb92bcc26ac8","status":"401","responseTime":"0.294","response":{"status":401}}
{"timestamp":"2023-11-03T12:24:17.176Z","method":"DELETE","url":"/api/v2/event/delete-shop-event/648568b9d8c1eb92bcc26ac8","status":"401","responseTime":"0.529","response":{"status":401}}
{"timestamp":"2023-11-03T12:24:19.178Z","method":"DELETE","url":"/api/v2/event/delete-shop-event/648568b9d8c1eb92bcc26ac8","status":"401","responseTime":"0.339","response":{"status":401}}
{"timestamp":"2023-11-03T12:24:21.165Z","method":"DELETE","url":"/api/v2/event/delete-shop-event/648568b9d8c1eb92bcc26ac8","status":"401","responseTime":"0.316","response":{"status":401}}
{"timestamp":"2023-11-03T12:24:23.175Z","method":"DELETE","url":"/api/v2/event/delete-shop-event/648568b9d8c1eb92bcc26ac8","status":"401","responseTime":"0.324","response":{"status":401}}
{"timestamp":"2023-11-03T12:24:25.169Z","method":"DELETE","url":"/api/v2/event/delete-shop-event/648568b9d8c1eb92bcc26ac8","status":"401","responseTime":"0.629","response":{"status":401}}
{"timestamp":"2023-11-03T12:24:27.174Z","method":"DELETE","url":"/api/v2/event/delete-shop-event/648568b9d8c1eb92bcc26ac8","status":"401","responseTime":"0.256","response":{"status":401}}
{"timestamp":"2023-11-03T12:24:29.176Z","method":"DELETE","url":"/api/v2/event/delete-shop-event/648568b9d8c1eb92bcc26ac8","status":"401","responseTime":"0.315","response":{"status":401}}
{"timestamp":"2023-11-03T12:24:31.167Z","method":"DELETE","url":"/api/v2/event/delete-shop-event/648568b9d8c1eb92bcc26ac8","status":"401","responseTime":"0.793","response":{"status":401}}
{"timestamp":"2023-11-03T12:24:33.167Z","method":"DELETE","url":"/api/v2/event/delete-shop-event/648568b9d8c1eb92bcc26ac8","status":"401","responseTime":"0.543","response":{"status":401}}
{"timestamp":"2023-11-03T12:24:35.172Z","method":"DELETE","url":"/api/v2/event/delete-shop-event/648568b9d8c1eb92bcc26ac8","status":"401","responseTime":"0.425","response":{"status":401}}
{"timestamp":"2023-11-03T12:24:37.177Z","method":"DELETE","url":"/api/v2/event/delete-shop-event/648568b9d8c1eb92bcc26ac8","status":"401","responseTime":"0.306","response":{"status":401}}
{"timestamp":"2023-11-03T12:24:39.179Z","method":"DELETE","url":"/api/v2/event/delete-shop-event/648568b9d8c1eb92bcc26ac8","status":"401","responseTime":"0.662","response":{"status":401}}
{"timestamp":"2023-11-03T12:24:41.165Z","method":"DELETE","url":"/api/v2/event/delete-shop-event/648568b9d8c1eb92bcc26ac8","status":"401","responseTime":"0.347","response":{"status":401}}
{"timestamp":"2023-11-03T12:24:43.165Z","method":"DELETE","url":"/api/v2/event/delete-shop-event/648568b9d8c1eb92bcc26ac8","status":"401","responseTime":"0.260","response":{"status":401}}
{"timestamp":"2023-11-03T12:24:45.179Z","method":"DELETE","url":"/api/v2/event/delete-shop-event/648568b9d8c1eb92bcc26ac8","status":"401","responseTime":"0.533","response":{"status":401}}
{"timestamp":"2023-11-03T12:24:47.168Z","method":"DELETE","url":"/api/v2/event/delete-shop-event/648568b9d8c1eb92bcc26ac8","status":"401","responseTime":"0.217","response":{"status":401}}
{"timestamp":"2023-11-03T12:24:49.168Z","method":"DELETE","url":"/api/v2/event/delete-shop-event/648568b9d8c1eb92bcc26ac8","status":"401","responseTime":"0.609","response":{"status":401}}
{"timestamp":"2023-11-03T12:24:51.161Z","method":"DELETE","url":"/api/v2/event/delete-shop-event/648568b9d8c1eb92bcc26ac8","status":"401","responseTime":"0.332","response":{"status":401}}
{"timestamp":"2023-11-03T12:24:53.171Z","method":"DELETE","url":"/api/v2/event/delete-shop-event/648568b9d8c1eb92bcc26ac8","status":"401","responseTime":"0.262","response":{"status":401}}
{"timestamp":"2023-11-03T12:24:55.179Z","method":"DELETE","url":"/api/v2/event/delete-shop-event/648568b9d8c1eb92bcc26ac8","status":"401","responseTime":"0.464","response":{"status":401}}
{"timestamp":"2023-11-03T12:24:57.175Z","method":"DELETE","url":"/api/v2/event/delete-shop-event/648568b9d8c1eb92bcc26ac8","status":"401","responseTime":"0.289","response":{"status":401}}
{"timestamp":"2023-11-03T12:24:59.166Z","method":"DELETE","url":"/api/v2/event/delete-shop-event/648568b9d8c1eb92bcc26ac8","status":"401","responseTime":"0.286","response":{"status":401}}
{"timestamp":"2023-11-03T12:25:01.180Z","method":"DELETE","url":"/api/v2/event/delete-shop-event/648568b9d8c1eb92bcc26ac8","status":"401","responseTime":"0.251","response":{"status":401}}
{"timestamp":"2023-11-03T12:25:03.168Z","method":"DELETE","url":"/api/v2/event/delete-shop-event/648568b9d8c1eb92bcc26ac8","status":"401","responseTime":"0.681","response":{"status":401}}
{"timestamp":"2023-11-03T12:25:05.164Z","method":"DELETE","url":"/api/v2/event/delete-shop-event/648568b9d8c1eb92bcc26ac8","status":"401","responseTime":"0.235","response":{"status":401}}
{"timestamp":"2023-11-03T12:25:07.179Z","method":"DELETE","url":"/api/v2/event/delete-shop-event/648568b9d8c1eb92bcc26ac8","status":"401","responseTime":"0.259","response":{"status":401}}
{"timestamp":"2023-11-03T12:25:09.176Z","method":"DELETE","url":"/api/v2/event/delete-shop-event/648568b9d8c1eb92bcc26ac8","status":"401","responseTime":"0.347","response":{"status":401}}
{"timestamp":"2023-11-03T12:25:11.170Z","method":"DELETE","url":"/api/v2/event/delete-shop-event/648568b9d8c1eb92bcc26ac8","status":"401","responseTime":"0.262","response":{"status":401}}
{"timestamp":"2023-11-03T12:25:13.178Z","method":"DELETE","url":"/api/v2/event/delete-shop-event/648568b9d8c1eb92bcc26ac8","status":"401","responseTime":"0.265","response":{"status":401}}
{"timestamp":"2023-11-03T12:25:15.163Z","method":"DELETE","url":"/api/v2/event/delete-shop-event/648568b9d8c1eb92bcc26ac8","status":"401","responseTime":"0.234","response":{"status":401}}
{"timestamp":"2023-11-03T12:25:17.170Z","method":"DELETE","url":"/api/v2/event/delete-shop-event/648568b9d8c1eb92bcc26ac8","status":"401","responseTime":"0.343","response":{"status":401}}
{"timestamp":"2023-11-03T12:25:19.170Z","method":"DELETE","url":"/api/v2/event/delete-shop-event/648568b9d8c1eb92bcc26ac8","status":"401","responseTime":"0.652","response":{"status":401}}
{"timestamp":"2023-11-03T12:25:21.179Z","method":"DELETE","url":"/api/v2/event/delete-shop-event/648568b9d8c1eb92bcc26ac8","status":"401","responseTime":"0.466","response":{"status":401}}
{"timestamp":"2023-11-03T12:25:23.178Z","method":"DELETE","url":"/api/v2/event/delete-shop-event/648568b9d8c1eb92bcc26ac8","status":"401","responseTime":"0.437","response":{"status":401}}
{"timestamp":"2023-11-03T12:25:25.174Z","method":"DELETE","url":"/api/v2/event/delete-shop-event/648568b9d8c1eb92bcc26ac8","status":"401","responseTime":"0.219","response":{"status":401}}
{"timestamp":"2023-11-03T12:25:27.177Z","method":"DELETE","url":"/api/v2/event/delete-shop-event/648568b9d8c1eb92bcc26ac8","status":"401","responseTime":"0.380","response":{"status":401}}
{"timestamp":"2023-11-03T12:25:29.187Z","method":"DELETE","url":"/api/v2/event/delete-shop-event/648568b9d8c1eb92bcc26ac8","status":"401","responseTime":"0.620","response":{"status":401}}
{"timestamp":"2023-11-03T12:25:31.167Z","method":"DELETE","url":"/api/v2/event/delete-shop-event/648568b9d8c1eb92bcc26ac8","status":"401","responseTime":"0.277","response":{"status":401}}
{"timestamp":"2023-11-03T12:25:33.177Z","method":"DELETE","url":"/api/v2/event/delete-shop-event/648568b9d8c1eb92bcc26ac8","status":"401","responseTime":"0.288","response":{"status":401}}
{"timestamp":"2023-11-03T12:25:35.167Z","method":"DELETE","url":"/api/v2/event/delete-shop-event/648568b9d8c1eb92bcc26ac8","status":"401","responseTime":"0.535","response":{"status":401}}
{"timestamp":"2023-11-03T12:25:37.171Z","method":"DELETE","url":"/api/v2/event/delete-shop-event/648568b9d8c1eb92bcc26ac8","status":"401","responseTime":"0.726","response":{"status":401}}
{"timestamp":"2023-11-03T12:25:39.178Z","method":"DELETE","url":"/api/v2/event/delete-shop-event/648568b9d8c1eb92bcc26ac8","status":"401","responseTime":"0.468","response":{"status":401}}
{"timestamp":"2023-11-03T12:25:41.170Z","method":"DELETE","url":"/api/v2/event/delete-shop-event/648568b9d8c1eb92bcc26ac8","status":"401","responseTime":"0.291","response":{"status":401}}
{"timestamp":"2023-11-03T12:25:43.175Z","method":"DELETE","url":"/api/v2/event/delete-shop-event/648568b9d8c1eb92bcc26ac8","status":"401","responseTime":"0.231","response":{"status":401}}
{"timestamp":"2023-11-03T12:25:45.167Z","method":"DELETE","url":"/api/v2/event/delete-shop-event/648568b9d8c1eb92bcc26ac8","status":"401","responseTime":"0.479","response":{"status":401}}
{"timestamp":"2023-11-03T12:25:47.175Z","method":"DELETE","url":"/api/v2/event/delete-shop-event/648568b9d8c1eb92bcc26ac8","status":"401","responseTime":"0.341","response":{"status":401}}
{"timestamp":"2023-11-03T12:25:49.178Z","method":"DELETE","url":"/api/v2/event/delete-shop-event/648568b9d8c1eb92bcc26ac8","status":"401","responseTime":"0.240","response":{"status":401}}
{"timestamp":"2023-11-03T12:25:51.171Z","method":"DELETE","url":"/api/v2/event/delete-shop-event/648568b9d8c1eb92bcc26ac8","status":"401","responseTime":"0.790","response":{"status":401}}
{"timestamp":"2023-11-03T12:25:53.175Z","method":"DELETE","url":"/api/v2/event/delete-shop-event/648568b9d8c1eb92bcc26ac8","status":"401","responseTime":"0.289","response":{"status":401}}
{"timestamp":"2023-11-03T12:25:55.185Z","method":"DELETE","url":"/api/v2/event/delete-shop-event/648568b9d8c1eb92bcc26ac8","status":"401","responseTime":"0.803","response":{"status":401}}
{"timestamp":"2023-11-03T12:25:57.175Z","method":"DELETE","url":"/api/v2/event/delete-shop-event/648568b9d8c1eb92bcc26ac8","status":"401","responseTime":"0.346","response":{"status":401}}
{"timestamp":"2023-11-03T12:25:59.171Z","method":"DELETE","url":"/api/v2/event/delete-shop-event/648568b9d8c1eb92bcc26ac8","status":"401","responseTime":"0.291","response":{"status":401}}
{"timestamp":"2023-11-03T12:26:01.179Z","method":"DELETE","url":"/api/v2/event/delete-shop-event/648568b9d8c1eb92bcc26ac8","status":"401","responseTime":"0.393","response":{"status":401}}
{"timestamp":"2023-11-03T12:26:03.176Z","method":"DELETE","url":"/api/v2/event/delete-shop-event/648568b9d8c1eb92bcc26ac8","status":"401","responseTime":"0.291","response":{"status":401}}
{"timestamp":"2023-11-03T12:26:05.172Z","method":"DELETE","url":"/api/v2/event/delete-shop-event/648568b9d8c1eb92bcc26ac8","status":"401","responseTime":"0.242","response":{"status":401}}
{"timestamp":"2023-11-03T12:26:07.179Z","method":"DELETE","url":"/api/v2/event/delete-shop-event/648568b9d8c1eb92bcc26ac8","status":"401","responseTime":"0.364","response":{"status":401}}
{"timestamp":"2023-11-03T12:26:09.163Z","method":"DELETE","url":"/api/v2/event/delete-shop-event/648568b9d8c1eb92bcc26ac8","status":"401","responseTime":"0.419","response":{"status":401}}
{"timestamp":"2023-11-03T12:26:11.171Z","method":"DELETE","url":"/api/v2/event/delete-shop-event/648568b9d8c1eb92bcc26ac8","status":"401","responseTime":"0.318","response":{"status":401}}
{"timestamp":"2023-11-03T12:26:13.175Z","method":"DELETE","url":"/api/v2/event/delete-shop-event/648568b9d8c1eb92bcc26ac8","status":"401","responseTime":"0.270","response":{"status":401}}
{"timestamp":"2023-11-03T12:26:15.176Z","method":"DELETE","url":"/api/v2/event/delete-shop-event/648568b9d8c1eb92bcc26ac8","status":"401","responseTime":"0.720","response":{"status":401}}
{"timestamp":"2023-11-03T12:26:17.162Z","method":"DELETE","url":"/api/v2/event/delete-shop-event/648568b9d8c1eb92bcc26ac8","status":"401","responseTime":"0.300","response":{"status":401}}
{"timestamp":"2023-11-03T12:26:19.176Z","method":"DELETE","url":"/api/v2/event/delete-shop-event/648568b9d8c1eb92bcc26ac8","status":"401","responseTime":"0.272","response":{"status":401}}
{"timestamp":"2023-11-03T12:26:21.173Z","method":"DELETE","url":"/api/v2/event/delete-shop-event/648568b9d8c1eb92bcc26ac8","status":"401","responseTime":"0.362","response":{"status":401}}
{"timestamp":"2023-11-03T12:26:23.162Z","method":"DELETE","url":"/api/v2/event/delete-shop-event/648568b9d8c1eb92bcc26ac8","status":"401","responseTime":"0.301","response":{"status":401}}
{"timestamp":"2023-11-03T12:26:25.166Z","method":"DELETE","url":"/api/v2/event/delete-shop-event/648568b9d8c1eb92bcc26ac8","status":"401","responseTime":"0.616","response":{"status":401}}
{"timestamp":"2023-11-03T12:26:27.163Z","method":"DELETE","url":"/api/v2/event/delete-shop-event/648568b9d8c1eb92bcc26ac8","status":"401","responseTime":"0.362","response":{"status":401}}
{"timestamp":"2023-11-03T12:26:29.167Z","method":"DELETE","url":"/api/v2/event/delete-shop-event/648568b9d8c1eb92bcc26ac8","status":"401","responseTime":"0.279","response":{"status":401}}
{"timestamp":"2023-11-03T12:26:31.166Z","method":"DELETE","url":"/api/v2/event/delete-shop-event/648568b9d8c1eb92bcc26ac8","status":"401","responseTime":"0.710","response":{"status":401}}
{"timestamp":"2023-11-03T12:26:33.172Z","method":"DELETE","url":"/api/v2/event/delete-shop-event/648568b9d8c1eb92bcc26ac8","status":"401","responseTime":"0.258","response":{"status":401}}
{"timestamp":"2023-11-03T12:26:35.175Z","method":"DELETE","url":"/api/v2/event/delete-shop-event/648568b9d8c1eb92bcc26ac8","status":"401","responseTime":"0.401","response":{"status":401}}
{"timestamp":"2023-11-03T12:26:37.174Z","method":"DELETE","url":"/api/v2/event/delete-shop-event/648568b9d8c1eb92bcc26ac8","status":"401","responseTime":"0.287","response":{"status":401}}
{"timestamp":"2023-11-03T12:26:39.164Z","method":"DELETE","url":"/api/v2/event/delete-shop-event/648568b9d8c1eb92bcc26ac8","status":"401","responseTime":"0.440","response":{"status":401}}
{"timestamp":"2023-11-03T12:26:41.162Z","method":"DELETE","url":"/api/v2/event/delete-shop-event/648568b9d8c1eb92bcc26ac8","status":"401","responseTime":"0.891","response":{"status":401}}
{"timestamp":"2023-11-03T12:26:43.164Z","method":"DELETE","url":"/api/v2/event/delete-shop-event/648568b9d8c1eb92bcc26ac8","status":"401","responseTime":"0.223","response":{"status":401}}
{"timestamp":"2023-11-03T12:26:45.174Z","method":"DELETE","url":"/api/v2/event/delete-shop-event/648568b9d8c1eb92bcc26ac8","status":"401","responseTime":"0.462","response":{"status":401}}
{"timestamp":"2023-11-03T12:26:47.176Z","method":"DELETE","url":"/api/v2/event/delete-shop-event/648568b9d8c1eb92bcc26ac8","status":"401","responseTime":"0.764","response":{"status":401}}
{"timestamp":"2023-11-03T12:26:49.176Z","method":"DELETE","url":"/api/v2/event/delete-shop-event/648568b9d8c1eb92bcc26ac8","status":"401","responseTime":"0.313","response":{"status":401}}
{"timestamp":"2023-11-03T12:26:51.173Z","method":"DELETE","url":"/api/v2/event/delete-shop-event/648568b9d8c1eb92bcc26ac8","status":"401","responseTime":"0.445","response":{"status":401}}
{"timestamp":"2023-11-03T12:26:53.173Z","method":"DELETE","url":"/api/v2/event/delete-shop-event/648568b9d8c1eb92bcc26ac8","status":"401","responseTime":"0.345","response":{"status":401}}
{"timestamp":"2023-11-03T12:26:55.181Z","method":"DELETE","url":"/api/v2/event/delete-shop-event/648568b9d8c1eb92bcc26ac8","status":"401","responseTime":"0.336","response":{"status":401}}
{"timestamp":"2023-11-03T12:26:57.159Z","method":"DELETE","url":"/api/v2/event/delete-shop-event/648568b9d8c1eb92bcc26ac8","status":"401","responseTime":"0.277","response":{"status":401}}
{"timestamp":"2023-11-03T12:26:59.171Z","method":"DELETE","url":"/api/v2/event/delete-shop-event/648568b9d8c1eb92bcc26ac8","status":"401","responseTime":"0.285","response":{"status":401}}
{"timestamp":"2023-11-03T12:27:01.177Z","method":"DELETE","url":"/api/v2/event/delete-shop-event/648568b9d8c1eb92bcc26ac8","status":"401","responseTime":"0.210","response":{"status":401}}
{"timestamp":"2023-11-03T12:27:03.177Z","method":"DELETE","url":"/api/v2/event/delete-shop-event/648568b9d8c1eb92bcc26ac8","status":"401","responseTime":"0.859","response":{"status":401}}
{"timestamp":"2023-11-03T12:27:05.166Z","method":"DELETE","url":"/api/v2/event/delete-shop-event/648568b9d8c1eb92bcc26ac8","status":"401","responseTime":"0.325","response":{"status":401}}
{"timestamp":"2023-11-03T12:27:07.166Z","method":"DELETE","url":"/api/v2/event/delete-shop-event/648568b9d8c1eb92bcc26ac8","status":"401","responseTime":"0.624","response":{"status":401}}
{"timestamp":"2023-11-03T12:27:09.173Z","method":"DELETE","url":"/api/v2/event/delete-shop-event/648568b9d8c1eb92bcc26ac8","status":"401","responseTime":"0.274","response":{"status":401}}
{"timestamp":"2023-11-03T12:27:11.165Z","method":"DELETE","url":"/api/v2/event/delete-shop-event/648568b9d8c1eb92bcc26ac8","status":"401","responseTime":"0.287","response":{"status":401}}
{"timestamp":"2023-11-03T12:27:13.179Z","method":"DELETE","url":"/api/v2/event/delete-shop-event/648568b9d8c1eb92bcc26ac8","status":"401","responseTime":"0.367","response":{"status":401}}
{"timestamp":"2023-11-03T12:27:15.178Z","method":"DELETE","url":"/api/v2/event/delete-shop-event/648568b9d8c1eb92bcc26ac8","status":"401","responseTime":"0.630","response":{"status":401}}
{"timestamp":"2023-11-03T12:27:17.165Z","method":"DELETE","url":"/api/v2/event/delete-shop-event/648568b9d8c1eb92bcc26ac8","status":"401","responseTime":"0.323","response":{"status":401}}
{"timestamp":"2023-11-03T12:27:19.169Z","method":"DELETE","url":"/api/v2/event/delete-shop-event/648568b9d8c1eb92bcc26ac8","status":"401","responseTime":"0.812","response":{"status":401}}
{"timestamp":"2023-11-03T12:27:21.174Z","method":"DELETE","url":"/api/v2/event/delete-shop-event/648568b9d8c1eb92bcc26ac8","status":"401","responseTime":"0.248","response":{"status":401}}
{"timestamp":"2023-11-03T12:27:23.163Z","method":"DELETE","url":"/api/v2/event/delete-shop-event/648568b9d8c1eb92bcc26ac8","status":"401","responseTime":"0.341","response":{"status":401}}
{"timestamp":"2023-11-03T12:27:25.166Z","method":"DELETE","url":"/api/v2/event/delete-shop-event/648568b9d8c1eb92bcc26ac8","status":"401","responseTime":"0.660","response":{"status":401}}
{"timestamp":"2023-11-03T12:27:27.172Z","method":"DELETE","url":"/api/v2/event/delete-shop-event/648568b9d8c1eb92bcc26ac8","status":"401","responseTime":"0.302","response":{"status":401}}
{"timestamp":"2023-11-03T12:27:29.164Z","method":"DELETE","url":"/api/v2/event/delete-shop-event/648568b9d8c1eb92bcc26ac8","status":"401","responseTime":"0.303","response":{"status":401}}
{"timestamp":"2023-11-03T12:27:31.175Z","method":"DELETE","url":"/api/v2/event/delete-shop-event/648568b9d8c1eb92bcc26ac8","status":"401","responseTime":"0.256","response":{"status":401}}
{"timestamp":"2023-11-03T12:27:33.177Z","method":"DELETE","url":"/api/v2/event/delete-shop-event/648568b9d8c1eb92bcc26ac8","status":"401","responseTime":"0.668","response":{"status":401}}
{"timestamp":"2023-11-03T12:27:35.165Z","method":"DELETE","url":"/api/v2/event/delete-shop-event/648568b9d8c1eb92bcc26ac8","status":"401","responseTime":"0.288","response":{"status":401}}
{"timestamp":"2023-11-03T12:27:37.165Z","method":"DELETE","url":"/api/v2/event/delete-shop-event/648568b9d8c1eb92bcc26ac8","status":"401","responseTime":"0.300","response":{"status":401}}
{"timestamp":"2023-11-03T12:27:39.178Z","method":"DELETE","url":"/api/v2/event/delete-shop-event/648568b9d8c1eb92bcc26ac8","status":"401","responseTime":"0.718","response":{"status":401}}
{"timestamp":"2023-11-03T12:27:41.165Z","method":"DELETE","url":"/api/v2/event/delete-shop-event/648568b9d8c1eb92bcc26ac8","status":"401","responseTime":"0.323","response":{"status":401}}
{"timestamp":"2023-11-03T12:27:43.178Z","method":"DELETE","url":"/api/v2/event/delete-shop-event/648568b9d8c1eb92bcc26ac8","status":"401","responseTime":"0.262","response":{"status":401}}
{"timestamp":"2023-11-03T12:27:45.165Z","method":"DELETE","url":"/api/v2/event/delete-shop-event/648568b9d8c1eb92bcc26ac8","status":"401","responseTime":"0.479","response":{"status":401}}
{"timestamp":"2023-11-03T12:27:47.164Z","method":"DELETE","url":"/api/v2/event/delete-shop-event/648568b9d8c1eb92bcc26ac8","status":"401","responseTime":"0.281","response":{"status":401}}
{"timestamp":"2023-11-03T12:27:49.166Z","method":"DELETE","url":"/api/v2/event/delete-shop-event/648568b9d8c1eb92bcc26ac8","status":"401","responseTime":"0.377","response":{"status":401}}
{"timestamp":"2023-11-03T12:27:51.164Z","method":"DELETE","url":"/api/v2/event/delete-shop-event/648568b9d8c1eb92bcc26ac8","status":"401","responseTime":"0.235","response":{"status":401}}
{"timestamp":"2023-11-03T12:27:53.165Z","method":"DELETE","url":"/api/v2/event/delete-shop-event/648568b9d8c1eb92bcc26ac8","status":"401","responseTime":"0.387","response":{"status":401}}
{"timestamp":"2023-11-03T12:27:55.180Z","method":"DELETE","url":"/api/v2/event/delete-shop-event/648568b9d8c1eb92bcc26ac8","status":"401","responseTime":"0.697","response":{"status":401}}
{"timestamp":"2023-11-03T12:27:57.175Z","method":"DELETE","url":"/api/v2/event/delete-shop-event/648568b9d8c1eb92bcc26ac8","status":"401","responseTime":"0.343","response":{"status":401}}
{"timestamp":"2023-11-03T12:27:59.170Z","method":"DELETE","url":"/api/v2/event/delete-shop-event/648568b9d8c1eb92bcc26ac8","status":"401","responseTime":"0.249","response":{"status":401}}
{"timestamp":"2023-11-03T12:28:01.166Z","method":"DELETE","url":"/api/v2/event/delete-shop-event/648568b9d8c1eb92bcc26ac8","status":"401","responseTime":"0.350","response":{"status":401}}
{"timestamp":"2023-11-03T12:28:03.176Z","method":"DELETE","url":"/api/v2/event/delete-shop-event/648568b9d8c1eb92bcc26ac8","status":"401","responseTime":"0.446","response":{"status":401}}
{"timestamp":"2023-11-03T12:28:05.173Z","method":"DELETE","url":"/api/v2/event/delete-shop-event/648568b9d8c1eb92bcc26ac8","status":"401","responseTime":"0.322","response":{"status":401}}
{"timestamp":"2023-11-03T12:28:07.170Z","method":"DELETE","url":"/api/v2/event/delete-shop-event/648568b9d8c1eb92bcc26ac8","status":"401","responseTime":"0.436","response":{"status":401}}
{"timestamp":"2023-11-03T12:28:09.177Z","method":"DELETE","url":"/api/v2/event/delete-shop-event/648568b9d8c1eb92bcc26ac8","status":"401","responseTime":"0.344","response":{"status":401}}
{"timestamp":"2023-11-03T12:28:11.165Z","method":"DELETE","url":"/api/v2/event/delete-shop-event/648568b9d8c1eb92bcc26ac8","status":"401","responseTime":"0.242","response":{"status":401}}
{"timestamp":"2023-11-03T12:28:13.182Z","method":"DELETE","url":"/api/v2/event/delete-shop-event/648568b9d8c1eb92bcc26ac8","status":"401","responseTime":"0.409","response":{"status":401}}
{"timestamp":"2023-11-03T12:28:15.170Z","method":"DELETE","url":"/api/v2/event/delete-shop-event/648568b9d8c1eb92bcc26ac8","status":"401","responseTime":"0.631","response":{"status":401}}
{"timestamp":"2023-11-03T12:28:17.168Z","method":"DELETE","url":"/api/v2/event/delete-shop-event/648568b9d8c1eb92bcc26ac8","status":"401","responseTime":"0.244","response":{"status":401}}
{"timestamp":"2023-11-03T12:28:19.178Z","method":"DELETE","url":"/api/v2/event/delete-shop-event/648568b9d8c1eb92bcc26ac8","status":"401","responseTime":"0.377","response":{"status":401}}
{"timestamp":"2023-11-03T12:28:21.176Z","method":"DELETE","url":"/api/v2/event/delete-shop-event/648568b9d8c1eb92bcc26ac8","status":"401","responseTime":"0.299","response":{"status":401}}
{"timestamp":"2023-11-03T12:28:23.166Z","method":"DELETE","url":"/api/v2/event/delete-shop-event/648568b9d8c1eb92bcc26ac8","status":"401","responseTime":"0.277","response":{"status":401}}
{"timestamp":"2023-11-03T12:28:25.180Z","method":"DELETE","url":"/api/v2/event/delete-shop-event/648568b9d8c1eb92bcc26ac8","status":"401","responseTime":"0.260","response":{"status":401}}
{"timestamp":"2023-11-03T12:28:27.162Z","method":"DELETE","url":"/api/v2/event/delete-shop-event/648568b9d8c1eb92bcc26ac8","status":"401","responseTime":"0.235","response":{"status":401}}
{"timestamp":"2023-11-03T12:28:29.184Z","method":"DELETE","url":"/api/v2/event/delete-shop-event/648568b9d8c1eb92bcc26ac8","status":"401","responseTime":"0.331","response":{"status":401}}
{"timestamp":"2023-11-03T12:28:31.170Z","method":"DELETE","url":"/api/v2/event/delete-shop-event/648568b9d8c1eb92bcc26ac8","status":"401","responseTime":"0.664","response":{"status":401}}
{"timestamp":"2023-11-03T12:28:33.175Z","method":"DELETE","url":"/api/v2/event/delete-shop-event/648568b9d8c1eb92bcc26ac8","status":"401","responseTime":"0.290","response":{"status":401}}
{"timestamp":"2023-11-03T12:28:35.166Z","method":"DELETE","url":"/api/v2/event/delete-shop-event/648568b9d8c1eb92bcc26ac8","status":"401","responseTime":"0.238","response":{"status":401}}
{"timestamp":"2023-11-03T12:28:37.171Z","method":"DELETE","url":"/api/v2/event/delete-shop-event/648568b9d8c1eb92bcc26ac8","status":"401","responseTime":"0.640","response":{"status":401}}
{"timestamp":"2023-11-03T12:28:39.176Z","method":"DELETE","url":"/api/v2/event/delete-shop-event/648568b9d8c1eb92bcc26ac8","status":"401","responseTime":"0.373","response":{"status":401}}
{"timestamp":"2023-11-03T12:28:41.167Z","method":"DELETE","url":"/api/v2/event/delete-shop-event/648568b9d8c1eb92bcc26ac8","status":"401","responseTime":"0.257","response":{"status":401}}
{"timestamp":"2023-11-03T12:28:43.171Z","method":"DELETE","url":"/api/v2/event/delete-shop-event/648568b9d8c1eb92bcc26ac8","status":"401","responseTime":"0.612","response":{"status":401}}
{"timestamp":"2023-11-03T12:28:45.180Z","method":"DELETE","url":"/api/v2/event/delete-shop-event/648568b9d8c1eb92bcc26ac8","status":"401","responseTime":"0.694","response":{"status":401}}
{"timestamp":"2023-11-03T12:28:47.166Z","method":"DELETE","url":"/api/v2/event/delete-shop-event/648568b9d8c1eb92bcc26ac8","status":"401","responseTime":"0.257","response":{"status":401}}
{"timestamp":"2023-11-03T12:28:49.170Z","method":"DELETE","url":"/api/v2/event/delete-shop-event/648568b9d8c1eb92bcc26ac8","status":"401","responseTime":"0.660","response":{"status":401}}
{"timestamp":"2023-11-03T12:28:51.178Z","method":"DELETE","url":"/api/v2/event/delete-shop-event/648568b9d8c1eb92bcc26ac8","status":"401","responseTime":"0.448","response":{"status":401}}
{"timestamp":"2023-11-03T12:28:53.165Z","method":"DELETE","url":"/api/v2/event/delete-shop-event/648568b9d8c1eb92bcc26ac8","status":"401","responseTime":"0.347","response":{"status":401}}
{"timestamp":"2023-11-03T12:28:55.184Z","method":"DELETE","url":"/api/v2/event/delete-shop-event/648568b9d8c1eb92bcc26ac8","status":"401","responseTime":"0.727","response":{"status":401}}
{"timestamp":"2023-11-03T12:28:57.176Z","method":"DELETE","url":"/api/v2/event/delete-shop-event/648568b9d8c1eb92bcc26ac8","status":"401","responseTime":"0.297","response":{"status":401}}
{"timestamp":"2023-11-03T12:28:58.867Z","method":"DELETE","url":"/api/v2/event/delete-shop-event/648568b9d8c1eb92bcc26ac8","status":"401","responseTime":"0.427","response":{"status":401}}
{"timestamp":"2023-11-03T12:28:59.871Z","method":"DELETE","url":"/api/v2/event/delete-shop-event/648568b9d8c1eb92bcc26ac8","status":"401","responseTime":"0.444","response":{"status":401}}
{"timestamp":"2023-11-03T12:29:00.875Z","method":"DELETE","url":"/api/v2/event/delete-shop-event/648568b9d8c1eb92bcc26ac8","status":"401","responseTime":"0.249","response":{"status":401}}
{"timestamp":"2023-11-03T12:29:01.871Z","method":"DELETE","url":"/api/v2/event/delete-shop-event/648568b9d8c1eb92bcc26ac8","status":"401","responseTime":"0.603","response":{"status":401}}
{"timestamp":"2023-11-03T12:29:02.876Z","method":"DELETE","url":"/api/v2/event/delete-shop-event/648568b9d8c1eb92bcc26ac8","status":"401","responseTime":"0.343","response":{"status":401}}
{"timestamp":"2023-11-03T12:29:03.886Z","method":"DELETE","url":"/api/v2/event/delete-shop-event/648568b9d8c1eb92bcc26ac8","status":"401","responseTime":"0.905","response":{"status":401}}
{"timestamp":"2023-11-03T12:29:04.903Z","method":"DELETE","url":"/api/v2/event/delete-shop-event/648568b9d8c1eb92bcc26ac8","status":"401","responseTime":"0.712","response":{"status":401}}
{"timestamp":"2023-11-03T12:29:05.907Z","method":"DELETE","url":"/api/v2/event/delete-shop-event/648568b9d8c1eb92bcc26ac8","status":"401","responseTime":"0.353","response":{"status":401}}
{"timestamp":"2023-11-03T12:29:06.916Z","method":"DELETE","url":"/api/v2/event/delete-shop-event/648568b9d8c1eb92bcc26ac8","status":"401","responseTime":"0.974","response":{"status":401}}
{"timestamp":"2023-11-03T12:29:07.916Z","method":"DELETE","url":"/api/v2/event/delete-shop-event/648568b9d8c1eb92bcc26ac8","status":"401","responseTime":"0.677","response":{"status":401}}
{"timestamp":"2023-11-03T12:29:08.923Z","method":"DELETE","url":"/api/v2/event/delete-shop-event/648568b9d8c1eb92bcc26ac8","status":"401","responseTime":"0.954","response":{"status":401}}
{"timestamp":"2023-11-03T12:29:09.929Z","method":"DELETE","url":"/api/v2/event/delete-shop-event/648568b9d8c1eb92bcc26ac8","status":"401","responseTime":"1.811","response":{"status":401}}
{"timestamp":"2023-11-03T12:29:10.935Z","method":"DELETE","url":"/api/v2/event/delete-shop-event/648568b9d8c1eb92bcc26ac8","status":"401","responseTime":"0.662","response":{"status":401}}
{"timestamp":"2023-11-03T12:29:11.934Z","method":"DELETE","url":"/api/v2/event/delete-shop-event/648568b9d8c1eb92bcc26ac8","status":"401","responseTime":"0.596","response":{"status":401}}
{"timestamp":"2023-11-03T12:29:12.948Z","method":"DELETE","url":"/api/v2/event/delete-shop-event/648568b9d8c1eb92bcc26ac8","status":"401","responseTime":"1.127","response":{"status":401}}
{"timestamp":"2023-11-03T12:29:14.168Z","method":"DELETE","url":"/api/v2/event/delete-shop-event/648568b9d8c1eb92bcc26ac8","status":"401","responseTime":"0.777","response":{"status":401}}
{"timestamp":"2023-11-03T12:29:16.171Z","method":"DELETE","url":"/api/v2/event/delete-shop-event/648568b9d8c1eb92bcc26ac8","status":"401","responseTime":"0.704","response":{"status":401}}
{"timestamp":"2023-11-03T12:29:18.177Z","method":"DELETE","url":"/api/v2/event/delete-shop-event/648568b9d8c1eb92bcc26ac8","status":"401","responseTime":"1.059","response":{"status":401}}
{"timestamp":"2023-11-03T12:29:20.171Z","method":"DELETE","url":"/api/v2/event/delete-shop-event/648568b9d8c1eb92bcc26ac8","status":"401","responseTime":"1.143","response":{"status":401}}
{"timestamp":"2023-11-03T12:29:22.174Z","method":"DELETE","url":"/api/v2/event/delete-shop-event/648568b9d8c1eb92bcc26ac8","status":"401","responseTime":"0.630","response":{"status":401}}
{"timestamp":"2023-11-03T12:29:24.172Z","method":"DELETE","url":"/api/v2/event/delete-shop-event/648568b9d8c1eb92bcc26ac8","status":"401","responseTime":"0.635","response":{"status":401}}
{"timestamp":"2023-11-03T12:29:26.168Z","method":"DELETE","url":"/api/v2/event/delete-shop-event/648568b9d8c1eb92bcc26ac8","status":"401","responseTime":"1.216","response":{"status":401}}
{"timestamp":"2023-11-03T12:29:28.171Z","method":"DELETE","url":"/api/v2/event/delete-shop-event/648568b9d8c1eb92bcc26ac8","status":"401","responseTime":"0.839","response":{"status":401}}
{"timestamp":"2023-11-03T12:29:30.161Z","method":"DELETE","url":"/api/v2/event/delete-shop-event/648568b9d8c1eb92bcc26ac8","status":"401","responseTime":"0.599","response":{"status":401}}
{"timestamp":"2023-11-03T12:29:32.171Z","method":"DELETE","url":"/api/v2/event/delete-shop-event/648568b9d8c1eb92bcc26ac8","status":"401","responseTime":"0.452","response":{"status":401}}
{"timestamp":"2023-11-03T12:29:34.169Z","method":"DELETE","url":"/api/v2/event/delete-shop-event/648568b9d8c1eb92bcc26ac8","status":"401","responseTime":"0.834","response":{"status":401}}
{"timestamp":"2023-11-03T12:29:36.163Z","method":"DELETE","url":"/api/v2/event/delete-shop-event/648568b9d8c1eb92bcc26ac8","status":"401","responseTime":"1.265","response":{"status":401}}
{"timestamp":"2023-11-03T12:29:38.171Z","method":"DELETE","url":"/api/v2/event/delete-shop-event/648568b9d8c1eb92bcc26ac8","status":"401","responseTime":"0.709","response":{"status":401}}
{"timestamp":"2023-11-03T12:29:40.169Z","method":"DELETE","url":"/api/v2/event/delete-shop-event/648568b9d8c1eb92bcc26ac8","status":"401","responseTime":"0.681","response":{"status":401}}
{"timestamp":"2023-11-03T12:29:42.167Z","method":"DELETE","url":"/api/v2/event/delete-shop-event/648568b9d8c1eb92bcc26ac8","status":"401","responseTime":"0.707","response":{"status":401}}
{"timestamp":"2023-11-03T12:29:44.165Z","method":"DELETE","url":"/api/v2/event/delete-shop-event/648568b9d8c1eb92bcc26ac8","status":"401","responseTime":"0.568","response":{"status":401}}
{"timestamp":"2023-11-03T12:29:46.176Z","method":"DELETE","url":"/api/v2/event/delete-shop-event/648568b9d8c1eb92bcc26ac8","status":"401","responseTime":"0.719","response":{"status":401}}
{"timestamp":"2023-11-03T12:29:48.163Z","method":"DELETE","url":"/api/v2/event/delete-shop-event/648568b9d8c1eb92bcc26ac8","status":"401","responseTime":"0.348","response":{"status":401}}
{"timestamp":"2023-11-03T12:29:50.166Z","method":"DELETE","url":"/api/v2/event/delete-shop-event/648568b9d8c1eb92bcc26ac8","status":"401","responseTime":"0.366","response":{"status":401}}
{"timestamp":"2023-11-03T12:29:52.176Z","method":"DELETE","url":"/api/v2/event/delete-shop-event/648568b9d8c1eb92bcc26ac8","status":"401","responseTime":"0.694","response":{"status":401}}
{"timestamp":"2023-11-03T12:29:54.178Z","method":"DELETE","url":"/api/v2/event/delete-shop-event/648568b9d8c1eb92bcc26ac8","status":"401","responseTime":"1.054","response":{"status":401}}
{"timestamp":"2023-11-03T12:29:56.173Z","method":"DELETE","url":"/api/v2/event/delete-shop-event/648568b9d8c1eb92bcc26ac8","status":"401","responseTime":"0.901","response":{"status":401}}
{"timestamp":"2023-11-03T12:29:58.176Z","method":"DELETE","url":"/api/v2/event/delete-shop-event/648568b9d8c1eb92bcc26ac8","status":"401","responseTime":"0.458","response":{"status":401}}
{"timestamp":"2023-11-03T12:30:00.173Z","method":"DELETE","url":"/api/v2/event/delete-shop-event/648568b9d8c1eb92bcc26ac8","status":"401","responseTime":"0.677","response":{"status":401}}
{"timestamp":"2023-11-03T12:30:02.172Z","method":"DELETE","url":"/api/v2/event/delete-shop-event/648568b9d8c1eb92bcc26ac8","status":"401","responseTime":"0.711","response":{"status":401}}
{"timestamp":"2023-11-03T12:30:04.175Z","method":"DELETE","url":"/api/v2/event/delete-shop-event/648568b9d8c1eb92bcc26ac8","status":"401","responseTime":"0.731","response":{"status":401}}
{"timestamp":"2023-11-03T12:30:06.169Z","method":"DELETE","url":"/api/v2/event/delete-shop-event/648568b9d8c1eb92bcc26ac8","status":"401","responseTime":"1.012","response":{"status":401}}
{"timestamp":"2023-11-03T12:30:08.166Z","method":"DELETE","url":"/api/v2/event/delete-shop-event/648568b9d8c1eb92bcc26ac8","status":"401","responseTime":"0.676","response":{"status":401}}
{"timestamp":"2023-11-03T12:30:10.177Z","method":"DELETE","url":"/api/v2/event/delete-shop-event/648568b9d8c1eb92bcc26ac8","status":"401","responseTime":"0.764","response":{"status":401}}
{"timestamp":"2023-11-03T12:30:13.412Z","method":"DELETE","url":"/api/v2/event/delete-shop-event/648568b9d8c1eb92bcc26ac8","status":"401","responseTime":"0.513","response":{"status":401}}
{"timestamp":"2023-11-03T12:30:14.166Z","method":"DELETE","url":"/api/v2/event/delete-shop-event/648568b9d8c1eb92bcc26ac8","status":"401","responseTime":"0.428","response":{"status":401}}
{"timestamp":"2023-11-03T12:30:15.164Z","method":"DELETE","url":"/api/v2/event/delete-shop-event/648568b9d8c1eb92bcc26ac8","status":"401","responseTime":"0.263","response":{"status":401}}
{"timestamp":"2023-11-03T12:31:07.641Z","method":"GET","url":"/api/v2/user/getuser","status":"401","responseTime":"2.867","response":{"status":401}}
{"timestamp":"2023-11-03T12:31:07.647Z","method":"GET","url":"/api/v2/shop/getSeller","status":"401","responseTime":"1.698","response":{"status":401}}
{"timestamp":"2023-11-03T12:31:07.661Z","method":"GET","url":"/api/v2/payment/stripeapikey","status":"304","responseTime":"0.774","response":{"status":304}}
{"timestamp":"2023-11-03T12:31:07.699Z","method":"GET","url":"/api/v2/product/get-all-products","status":"201","responseTime":"49.844","response":{"status":201}}
{"timestamp":"2023-11-03T12:31:07.702Z","method":"GET","url":"/api/v2/event/get-all-events","status":"201","responseTime":"43.987","response":{"status":201}}
{"timestamp":"2023-11-03T12:31:07.752Z","method":"GET","url":"/Custom-sticky-notes.png","status":"404","responseTime":"1.349","response":{"status":404}}
{"timestamp":"2023-11-03T12:31:07.792Z","method":"DELETE","url":"/api/v2/event/delete-shop-event/648568b9d8c1eb92bcc26ac8","status":"401","responseTime":"0.830","response":{"status":401}}
{"timestamp":"2023-11-03T12:32:48.313Z","method":"DELETE","url":"/api/v2/event/delete-shop-event/648568b9d8c1eb92bcc26ac8","status":"401","responseTime":"0.441","response":{"status":401}}
{"timestamp":"2023-11-03T12:32:49.315Z","method":"DELETE","url":"/api/v2/event/delete-shop-event/648568b9d8c1eb92bcc26ac8","status":"401","responseTime":"0.432","response":{"status":401}}
{"timestamp":"2023-11-03T12:32:50.318Z","method":"DELETE","url":"/api/v2/event/delete-shop-event/648568b9d8c1eb92bcc26ac8","status":"401","responseTime":"0.482","response":{"status":401}}
{"timestamp":"2023-11-03T12:32:51.324Z","method":"DELETE","url":"/api/v2/event/delete-shop-event/648568b9d8c1eb92bcc26ac8","status":"401","responseTime":"0.504","response":{"status":401}}
{"timestamp":"2023-11-03T12:32:52.331Z","method":"DELETE","url":"/api/v2/event/delete-shop-event/648568b9d8c1eb92bcc26ac8","status":"401","responseTime":"0.471","response":{"status":401}}
{"timestamp":"2023-11-03T12:32:53.343Z","method":"DELETE","url":"/api/v2/event/delete-shop-event/648568b9d8c1eb92bcc26ac8","status":"401","responseTime":"0.793","response":{"status":401}}
{"timestamp":"2023-11-03T12:32:54.349Z","method":"DELETE","url":"/api/v2/event/delete-shop-event/648568b9d8c1eb92bcc26ac8","status":"401","responseTime":"1.763","response":{"status":401}}
{"timestamp":"2023-11-03T12:32:55.364Z","method":"DELETE","url":"/api/v2/event/delete-shop-event/648568b9d8c1eb92bcc26ac8","status":"401","responseTime":"0.807","response":{"status":401}}
{"timestamp":"2023-11-03T12:32:56.374Z","method":"DELETE","url":"/api/v2/event/delete-shop-event/648568b9d8c1eb92bcc26ac8","status":"401","responseTime":"0.571","response":{"status":401}}
{"timestamp":"2023-11-03T12:32:57.391Z","method":"DELETE","url":"/api/v2/event/delete-shop-event/648568b9d8c1eb92bcc26ac8","status":"401","responseTime":"1.633","response":{"status":401}}
{"timestamp":"2023-11-03T12:32:58.393Z","method":"DELETE","url":"/api/v2/event/delete-shop-event/648568b9d8c1eb92bcc26ac8","status":"401","responseTime":"0.756","response":{"status":401}}
{"timestamp":"2023-11-03T12:32:59.394Z","method":"DELETE","url":"/api/v2/event/delete-shop-event/648568b9d8c1eb92bcc26ac8","status":"401","responseTime":"0.881","response":{"status":401}}
{"timestamp":"2023-11-03T12:33:00.412Z","method":"DELETE","url":"/api/v2/event/delete-shop-event/648568b9d8c1eb92bcc26ac8","status":"401","responseTime":"1.205","response":{"status":401}}
{"timestamp":"2023-11-03T12:33:01.379Z","method":"DELETE","url":"/api/v2/event/delete-shop-event/648568b9d8c1eb92bcc26ac8","status":"401","responseTime":"0.485","response":{"status":401}}
{"timestamp":"2023-11-03T12:33:06.443Z","method":"GET","url":"/api/v2/user/getuser","status":"401","responseTime":"0.672","response":{"status":401}}
{"timestamp":"2023-11-03T12:33:06.447Z","method":"GET","url":"/api/v2/shop/getSeller","status":"401","responseTime":"1.066","response":{"status":401}}
{"timestamp":"2023-11-03T12:33:06.456Z","method":"GET","url":"/api/v2/payment/stripeapikey","status":"304","responseTime":"0.514","response":{"status":304}}
{"timestamp":"2023-11-03T12:33:06.501Z","method":"GET","url":"/api/v2/product/get-all-products","status":"201","responseTime":"49.663","response":{"status":201}}
{"timestamp":"2023-11-03T12:33:06.503Z","method":"GET","url":"/api/v2/event/get-all-events","status":"201","responseTime":"47.863","response":{"status":201}}
{"timestamp":"2023-11-03T12:33:06.608Z","method":"GET","url":"/Custom-sticky-notes.png","status":"404","responseTime":"0.379","response":{"status":404}}
{"timestamp":"2023-11-03T12:33:06.741Z","method":"DELETE","url":"/api/v2/event/delete-shop-event/648568b9d8c1eb92bcc26ac8","status":"401","responseTime":"0.602","response":{"status":401}}
{"timestamp":"2023-11-03T12:35:29.089Z","method":"GET","url":"/api/v2/user/getuser","status":"401","responseTime":"1.027","response":{"status":401}}
{"timestamp":"2023-11-03T12:35:29.092Z","method":"GET","url":"/api/v2/shop/getSeller","status":"401","responseTime":"0.340","response":{"status":401}}
{"timestamp":"2023-11-03T12:35:29.101Z","method":"GET","url":"/api/v2/payment/stripeapikey","status":"304","responseTime":"0.539","response":{"status":304}}
{"timestamp":"2023-11-03T12:35:29.142Z","method":"GET","url":"/api/v2/product/get-all-products","status":"201","responseTime":"47.014","response":{"status":201}}
{"timestamp":"2023-11-03T12:35:29.144Z","method":"GET","url":"/api/v2/event/get-all-events","status":"201","responseTime":"46.418","response":{"status":201}}
{"timestamp":"2023-11-03T12:35:32.472Z","method":"GET","url":"/api/v2/product/get-all-products-shop/null","status":"201","responseTime":"35.968","response":{"status":201}}
{"timestamp":"2023-11-03T12:35:32.499Z","method":"GET","url":"/api/v2/product/get-all-products-shop/64856667d8c1eb92bcc26a10","status":"201","responseTime":"41.901","response":{"status":201}}
{"timestamp":"2023-11-03T12:38:28.164Z","method":"GET","url":"/api/v2/user/getuser","status":"401","responseTime":"0.313","response":{"status":401}}
{"timestamp":"2023-11-03T12:38:28.166Z","method":"GET","url":"/api/v2/shop/getSeller","status":"401","responseTime":"0.550","response":{"status":401}}
{"timestamp":"2023-11-03T12:38:28.174Z","method":"GET","url":"/api/v2/payment/stripeapikey","status":"304","responseTime":"0.242","response":{"status":304}}
{"timestamp":"2023-11-03T12:38:28.190Z","method":"GET","url":"/api/v2/product/get-all-products-shop/null","status":"201","responseTime":"29.879","response":{"status":201}}
{"timestamp":"2023-11-03T12:38:28.209Z","method":"GET","url":"/api/v2/product/get-all-products","status":"201","responseTime":"39.553","response":{"status":201}}
{"timestamp":"2023-11-03T12:38:28.210Z","method":"GET","url":"/api/v2/event/get-all-events","status":"201","responseTime":"38.085","response":{"status":201}}
{"timestamp":"2023-11-03T12:38:28.230Z","method":"GET","url":"/api/v2/product/get-all-products-shop/undefined","status":"201","responseTime":"35.087","response":{"status":201}}
{"timestamp":"2023-11-03T12:38:28.354Z","method":"GET","url":"/api/v2/product/get-all-products-shop/64856667d8c1eb92bcc26a10","status":"201","responseTime":"38.086","response":{"status":201}}
{"timestamp":"2023-11-03T13:20:46.821Z","method":"GET","url":"/api/v2/user/getuser","status":"401","responseTime":"6.638","response":{"status":401}}
{"timestamp":"2023-11-03T13:20:46.833Z","method":"GET","url":"/api/v2/shop/getSeller","status":"401","responseTime":"3.394","response":{"status":401}}
{"timestamp":"2023-11-03T13:20:46.854Z","method":"GET","url":"/api/v2/payment/stripeapikey","status":"304","responseTime":"1.194","response":{"status":304}}
{"timestamp":"2023-11-03T13:20:46.897Z","method":"GET","url":"/api/v2/event/get-all-events","status":"201","responseTime":"47.820","response":{"status":201}}
{"timestamp":"2023-11-03T13:20:47.061Z","method":"DELETE","url":"/api/v2/event/delete-shop-event/648568b9d8c1eb92bcc26ac8","status":"401","responseTime":"1.689","response":{"status":401}}
{"timestamp":"2023-11-03T13:20:47.276Z","method":"GET","url":"/api/v2/product/get-all-products","status":"201","responseTime":"441.250","response":{"status":201}}
{"timestamp":"2023-11-03T13:20:47.364Z","method":"GET","url":"/Custom-sticky-notes.png","status":"404","responseTime":"3.380","response":{"status":404}}
