{"timestamp":"2023-11-10T09:52:30.250Z","method":"GET","url":"/api/v2/user/getuser","status":"401","responseTime":"2.950","response":{"status":401}}
{"timestamp":"2023-11-10T09:52:30.253Z","method":"GET","url":"/api/v2/shop/getSeller","status":"401","responseTime":"1.116","response":{"status":401}}
{"timestamp":"2023-11-10T09:52:30.263Z","method":"GET","url":"/api/v2/payment/stripeapikey","status":"200","responseTime":"0.502","response":{"status":200}}
{"timestamp":"2023-11-10T09:52:30.306Z","method":"GET","url":"/api/v2/event/get-all-events","status":"201","responseTime":"45.033","response":{"status":201}}
{"timestamp":"2023-11-10T09:52:30.318Z","method":"GET","url":"/api/v2/product/get-all-products","status":"201","responseTime":"61.500","response":{"status":201}}
{"timestamp":"2023-11-10T09:52:30.365Z","method":"DELETE","url":"/api/v2/event/delete-shop-event/648568b9d8c1eb92bcc26ac8","status":"401","responseTime":"0.840","response":{"status":401}}
{"timestamp":"2023-11-10T09:52:30.389Z","method":"GET","url":"/Custom-sticky-notes.png","status":"404","responseTime":"2.095","response":{"status":404}}
{"timestamp":"2023-11-10T09:53:02.682Z","method":"GET","url":"/api/v2/user/getuser","status":"401","responseTime":"0.759","response":{"status":401}}
{"timestamp":"2023-11-10T09:53:02.685Z","method":"GET","url":"/api/v2/shop/getSeller","status":"401","responseTime":"0.743","response":{"status":401}}
{"timestamp":"2023-11-10T09:53:02.692Z","method":"GET","url":"/api/v2/payment/stripeapikey","status":"304","responseTime":"0.956","response":{"status":304}}
{"timestamp":"2023-11-10T09:53:02.725Z","method":"GET","url":"/api/v2/event/get-all-events","status":"201","responseTime":"35.231","response":{"status":201}}
{"timestamp":"2023-11-10T09:53:02.731Z","method":"GET","url":"/api/v2/product/get-all-products","status":"201","responseTime":"41.981","response":{"status":201}}
{"timestamp":"2023-11-10T09:53:05.467Z","method":"GET","url":"/api/v2/user/getuser","status":"401","responseTime":"0.711","response":{"status":401}}
{"timestamp":"2023-11-10T09:53:05.470Z","method":"GET","url":"/api/v2/shop/getSeller","status":"401","responseTime":"0.635","response":{"status":401}}
{"timestamp":"2023-11-10T09:53:05.478Z","method":"GET","url":"/api/v2/payment/stripeapikey","status":"304","responseTime":"0.449","response":{"status":304}}
{"timestamp":"2023-11-10T09:53:05.522Z","method":"GET","url":"/api/v2/product/get-all-products","status":"201","responseTime":"49.038","response":{"status":201}}
{"timestamp":"2023-11-10T09:53:05.525Z","method":"GET","url":"/api/v2/event/get-all-events","status":"201","responseTime":"49.094","response":{"status":201}}
{"timestamp":"2023-11-10T09:53:07.252Z","method":"GET","url":"/api/v2/user/getuser","status":"401","responseTime":"0.560","response":{"status":401}}
{"timestamp":"2023-11-10T09:53:07.257Z","method":"GET","url":"/api/v2/shop/getSeller","status":"401","responseTime":"0.456","response":{"status":401}}
{"timestamp":"2023-11-10T09:53:07.260Z","method":"GET","url":"/api/v2/payment/stripeapikey","status":"304","responseTime":"0.348","response":{"status":304}}
{"timestamp":"2023-11-10T09:53:07.308Z","method":"GET","url":"/api/v2/product/get-all-products","status":"201","responseTime":"49.530","response":{"status":201}}
{"timestamp":"2023-11-10T09:53:07.311Z","method":"GET","url":"/api/v2/event/get-all-events","status":"201","responseTime":"51.745","response":{"status":201}}
{"timestamp":"2023-11-10T09:53:09.384Z","method":"GET","url":"/api/v2/user/getuser","status":"401","responseTime":"1.633","response":{"status":401}}
{"timestamp":"2023-11-10T09:53:09.387Z","method":"GET","url":"/api/v2/shop/getSeller","status":"401","responseTime":"0.470","response":{"status":401}}
{"timestamp":"2023-11-10T09:53:09.395Z","method":"GET","url":"/api/v2/payment/stripeapikey","status":"304","responseTime":"0.367","response":{"status":304}}
{"timestamp":"2023-11-10T09:53:09.443Z","method":"GET","url":"/api/v2/product/get-all-products","status":"201","responseTime":"53.995","response":{"status":201}}
{"timestamp":"2023-11-10T09:53:09.446Z","method":"GET","url":"/api/v2/event/get-all-events","status":"201","responseTime":"53.787","response":{"status":201}}
{"timestamp":"2023-11-10T09:53:11.490Z","method":"GET","url":"/api/v2/user/getuser","status":"401","responseTime":"0.576","response":{"status":401}}
{"timestamp":"2023-11-10T09:53:11.493Z","method":"GET","url":"/api/v2/shop/getSeller","status":"401","responseTime":"0.433","response":{"status":401}}
{"timestamp":"2023-11-10T09:53:11.499Z","method":"GET","url":"/api/v2/payment/stripeapikey","status":"304","responseTime":"0.393","response":{"status":304}}
{"timestamp":"2023-11-10T09:53:11.546Z","method":"GET","url":"/api/v2/product/get-all-products","status":"201","responseTime":"50.780","response":{"status":201}}
{"timestamp":"2023-11-10T09:53:11.550Z","method":"GET","url":"/api/v2/event/get-all-events","status":"201","responseTime":"52.592","response":{"status":201}}
{"timestamp":"2023-11-10T09:53:13.457Z","method":"GET","url":"/api/v2/user/getuser","status":"401","responseTime":"1.087","response":{"status":401}}
{"timestamp":"2023-11-10T09:53:13.460Z","method":"GET","url":"/api/v2/shop/getSeller","status":"401","responseTime":"0.420","response":{"status":401}}
{"timestamp":"2023-11-10T09:53:13.467Z","method":"GET","url":"/api/v2/payment/stripeapikey","status":"304","responseTime":"0.442","response":{"status":304}}
{"timestamp":"2023-11-10T09:53:13.515Z","method":"GET","url":"/api/v2/product/get-all-products","status":"201","responseTime":"53.638","response":{"status":201}}
{"timestamp":"2023-11-10T09:53:13.521Z","method":"GET","url":"/api/v2/event/get-all-events","status":"201","responseTime":"55.668","response":{"status":201}}
{"timestamp":"2023-11-10T09:53:13.537Z","method":"GET","url":"/Custom-sticky-notes.png","status":"404","responseTime":"0.434","response":{"status":404}}
{"timestamp":"2023-11-10T09:53:15.441Z","method":"GET","url":"/api/v2/user/getuser","status":"401","responseTime":"0.599","response":{"status":401}}
{"timestamp":"2023-11-10T09:53:15.448Z","method":"GET","url":"/api/v2/shop/getSeller","status":"401","responseTime":"0.493","response":{"status":401}}
{"timestamp":"2023-11-10T09:53:15.453Z","method":"GET","url":"/api/v2/payment/stripeapikey","status":"304","responseTime":"0.418","response":{"status":304}}
{"timestamp":"2023-11-10T09:53:15.495Z","method":"GET","url":"/api/v2/product/get-all-products","status":"201","responseTime":"46.179","response":{"status":201}}
{"timestamp":"2023-11-10T09:53:15.499Z","method":"GET","url":"/api/v2/event/get-all-events","status":"201","responseTime":"48.180","response":{"status":201}}
{"timestamp":"2023-11-10T09:53:17.602Z","method":"GET","url":"/api/v2/user/getuser","status":"401","responseTime":"1.319","response":{"status":401}}
{"timestamp":"2023-11-10T09:53:17.603Z","method":"GET","url":"/api/v2/shop/getSeller","status":"401","responseTime":"0.466","response":{"status":401}}
{"timestamp":"2023-11-10T09:53:17.611Z","method":"GET","url":"/api/v2/payment/stripeapikey","status":"304","responseTime":"0.566","response":{"status":304}}
{"timestamp":"2023-11-10T09:53:17.652Z","method":"GET","url":"/api/v2/product/get-all-products","status":"201","responseTime":"43.876","response":{"status":201}}
{"timestamp":"2023-11-10T09:53:17.655Z","method":"GET","url":"/api/v2/event/get-all-events","status":"201","responseTime":"45.716","response":{"status":201}}
{"timestamp":"2023-11-10T09:53:25.890Z","method":"GET","url":"/Custom-sticky-notes.png","status":"404","responseTime":"0.346","response":{"status":404}}
{"timestamp":"2023-11-10T09:53:25.918Z","method":"DELETE","url":"/api/v2/event/delete-shop-event/648568b9d8c1eb92bcc26ac8","status":"401","responseTime":"0.717","response":{"status":401}}
{"timestamp":"2023-11-10T09:53:25.926Z","method":"GET","url":"/Custom-sticky-notes.png","status":"404","responseTime":"0.588","response":{"status":404}}
{"timestamp":"2023-11-10T09:53:31.582Z","method":"GET","url":"/api/v2/product/get-all-products-shop/null","status":"201","responseTime":"44.067","response":{"status":201}}
{"timestamp":"2023-11-10T09:53:31.604Z","method":"GET","url":"/api/v2/product/get-all-products-shop/64856667d8c1eb92bcc26a10","status":"201","responseTime":"48.353","response":{"status":201}}
{"timestamp":"2023-11-10T09:53:42.458Z","method":"GET","url":"/Custom-sticky-notes.png","status":"404","responseTime":"0.365","response":{"status":404}}
{"timestamp":"2023-11-10T09:53:42.483Z","method":"DELETE","url":"/api/v2/event/delete-shop-event/648568b9d8c1eb92bcc26ac8","status":"401","responseTime":"0.528","response":{"status":401}}
{"timestamp":"2023-11-10T09:53:42.486Z","method":"GET","url":"/Custom-sticky-notes.png","status":"404","responseTime":"0.594","response":{"status":404}}
{"timestamp":"2023-11-10T09:56:08.354Z","method":"GET","url":"/api/v2/user/getuser","status":"401","responseTime":"0.244","response":{"status":401}}
{"timestamp":"2023-11-10T09:56:08.356Z","method":"GET","url":"/api/v2/shop/getSeller","status":"401","responseTime":"0.194","response":{"status":401}}
{"timestamp":"2023-11-10T09:56:08.361Z","method":"GET","url":"/api/v2/payment/stripeapikey","status":"304","responseTime":"0.176","response":{"status":304}}
{"timestamp":"2023-11-10T09:56:08.404Z","method":"GET","url":"/api/v2/event/get-all-events","status":"201","responseTime":"44.050","response":{"status":201}}
{"timestamp":"2023-11-10T09:56:08.409Z","method":"GET","url":"/api/v2/product/get-all-products","status":"201","responseTime":"50.400","response":{"status":201}}
{"timestamp":"2023-11-10T09:56:19.584Z","method":"GET","url":"/api/v2/user/getuser","status":"401","responseTime":"0.382","response":{"status":401}}
{"timestamp":"2023-11-10T09:56:19.586Z","method":"GET","url":"/api/v2/shop/getSeller","status":"401","responseTime":"0.364","response":{"status":401}}
{"timestamp":"2023-11-10T09:56:19.591Z","method":"GET","url":"/api/v2/payment/stripeapikey","status":"304","responseTime":"0.218","response":{"status":304}}
{"timestamp":"2023-11-10T09:56:19.635Z","method":"GET","url":"/api/v2/product/get-all-products","status":"201","responseTime":"46.117","response":{"status":201}}
{"timestamp":"2023-11-10T09:56:19.638Z","method":"GET","url":"/api/v2/event/get-all-events","status":"201","responseTime":"47.532","response":{"status":201}}
{"timestamp":"2023-11-10T09:56:28.624Z","method":"GET","url":"/api/v2/user/getuser","status":"401","responseTime":"0.411","response":{"status":401}}
{"timestamp":"2023-11-10T09:56:28.626Z","method":"GET","url":"/api/v2/shop/getSeller","status":"401","responseTime":"0.600","response":{"status":401}}
{"timestamp":"2023-11-10T09:56:28.760Z","method":"GET","url":"/Custom-sticky-notes.png","status":"404","responseTime":"0.471","response":{"status":404}}
{"timestamp":"2023-11-10T09:56:28.773Z","method":"DELETE","url":"/api/v2/event/delete-shop-event/648568b9d8c1eb92bcc26ac8","status":"401","responseTime":"0.711","response":{"status":401}}
{"timestamp":"2023-11-10T09:56:33.563Z","method":"GET","url":"/api/v2/user/getuser","status":"401","responseTime":"0.597","response":{"status":401}}
{"timestamp":"2023-11-10T09:56:33.567Z","method":"GET","url":"/api/v2/shop/getSeller","status":"401","responseTime":"0.387","response":{"status":401}}
{"timestamp":"2023-11-10T09:56:33.573Z","method":"GET","url":"/api/v2/payment/stripeapikey","status":"304","responseTime":"0.419","response":{"status":304}}
{"timestamp":"2023-11-10T09:56:33.613Z","method":"GET","url":"/api/v2/product/get-all-products","status":"201","responseTime":"44.971","response":{"status":201}}
{"timestamp":"2023-11-10T09:56:33.616Z","method":"GET","url":"/api/v2/event/get-all-events","status":"201","responseTime":"45.306","response":{"status":201}}
{"timestamp":"2023-11-10T09:56:35.282Z","method":"GET","url":"/api/v2/user/getuser","status":"401","responseTime":"0.338","response":{"status":401}}
{"timestamp":"2023-11-10T09:56:35.287Z","method":"GET","url":"/api/v2/shop/getSeller","status":"401","responseTime":"0.577","response":{"status":401}}
{"timestamp":"2023-11-10T09:56:35.364Z","method":"GET","url":"/Custom-sticky-notes.png","status":"404","responseTime":"0.324","response":{"status":404}}
{"timestamp":"2023-11-10T09:56:35.373Z","method":"DELETE","url":"/api/v2/event/delete-shop-event/648568b9d8c1eb92bcc26ac8","status":"401","responseTime":"0.887","response":{"status":401}}
{"timestamp":"2023-11-10T09:58:18.638Z","method":"GET","url":"/api/v2/shop/getSeller","status":"401","responseTime":"0.474","response":{"status":401}}
{"timestamp":"2023-11-10T09:58:18.643Z","method":"GET","url":"/api/v2/payment/stripeapikey","status":"200","responseTime":"0.356","response":{"status":200}}
{"timestamp":"2023-11-10T09:58:18.692Z","method":"GET","url":"/api/v2/product/get-all-products","status":"201","responseTime":"52.677","response":{"status":201}}
{"timestamp":"2023-11-10T09:58:18.694Z","method":"GET","url":"/api/v2/event/get-all-events","status":"201","responseTime":"53.314","response":{"status":201}}
{"timestamp":"2023-11-10T09:58:18.739Z","method":"GET","url":"/api/v2/user/getuser","status":"200","responseTime":"111.385","response":{"status":200}}
{"timestamp":"2023-11-10T09:58:18.741Z","method":"DELETE","url":"/api/v2/event/delete-shop-event/648568b9d8c1eb92bcc26ac8","status":"401","responseTime":"0.637","response":{"status":401}}
{"timestamp":"2023-11-10T09:58:18.875Z","method":"GET","url":"/Custom-sticky-notes.png","status":"404","responseTime":"0.911","response":{"status":404}}
{"timestamp":"2023-11-10T09:58:46.539Z","method":"GET","url":"/api/v2/shop/getSeller","status":"401","responseTime":"0.550","response":{"status":401}}
{"timestamp":"2023-11-10T09:58:46.547Z","method":"GET","url":"/api/v2/payment/stripeapikey","status":"304","responseTime":"0.464","response":{"status":304}}
{"timestamp":"2023-11-10T09:58:46.581Z","method":"GET","url":"/api/v2/event/get-all-events","status":"201","responseTime":"38.327","response":{"status":201}}
{"timestamp":"2023-11-10T09:58:46.590Z","method":"GET","url":"/api/v2/product/get-all-products","status":"201","responseTime":"50.328","response":{"status":201}}
{"timestamp":"2023-11-10T09:58:46.616Z","method":"GET","url":"/api/v2/user/getuser","status":"304","responseTime":"83.085","response":{"status":304}}
{"timestamp":"2023-11-10T09:58:50.531Z","method":"GET","url":"/api/v2/shop/getSeller","status":"401","responseTime":"0.489","response":{"status":401}}
{"timestamp":"2023-11-10T09:58:50.536Z","method":"GET","url":"/api/v2/payment/stripeapikey","status":"304","responseTime":"0.416","response":{"status":304}}
{"timestamp":"2023-11-10T09:58:50.570Z","method":"GET","url":"/api/v2/event/get-all-events","status":"201","responseTime":"35.943","response":{"status":201}}
{"timestamp":"2023-11-10T09:58:50.580Z","method":"GET","url":"/api/v2/product/get-all-products","status":"201","responseTime":"47.745","response":{"status":201}}
{"timestamp":"2023-11-10T09:58:50.607Z","method":"GET","url":"/api/v2/user/getuser","status":"304","responseTime":"79.593","response":{"status":304}}
{"timestamp":"2023-11-10T09:58:53.261Z","method":"GET","url":"/api/v2/shop/getSeller","status":"401","responseTime":"0.350","response":{"status":401}}
{"timestamp":"2023-11-10T09:58:53.265Z","method":"GET","url":"/api/v2/payment/stripeapikey","status":"304","responseTime":"0.272","response":{"status":304}}
{"timestamp":"2023-11-10T09:58:53.302Z","method":"GET","url":"/api/v2/event/get-all-events","status":"201","responseTime":"37.558","response":{"status":201}}
{"timestamp":"2023-11-10T09:58:53.308Z","method":"GET","url":"/api/v2/product/get-all-products","status":"201","responseTime":"44.976","response":{"status":201}}
{"timestamp":"2023-11-10T09:58:53.337Z","method":"GET","url":"/api/v2/user/getuser","status":"304","responseTime":"80.187","response":{"status":304}}
{"timestamp":"2023-11-10T09:58:56.973Z","method":"GET","url":"/api/v2/shop/getSeller","status":"401","responseTime":"0.284","response":{"status":401}}
{"timestamp":"2023-11-10T09:58:56.978Z","method":"GET","url":"/api/v2/payment/stripeapikey","status":"304","responseTime":"0.346","response":{"status":304}}
{"timestamp":"2023-11-10T09:58:57.021Z","method":"GET","url":"/api/v2/product/get-all-products","status":"201","responseTime":"46.688","response":{"status":201}}
{"timestamp":"2023-11-10T09:58:57.023Z","method":"GET","url":"/api/v2/event/get-all-events","status":"201","responseTime":"47.345","response":{"status":201}}
{"timestamp":"2023-11-10T09:58:57.056Z","method":"GET","url":"/api/v2/user/getuser","status":"304","responseTime":"89.696","response":{"status":304}}
{"timestamp":"2023-11-10T09:58:58.693Z","method":"GET","url":"/Custom-sticky-notes.png","status":"404","responseTime":"0.929","response":{"status":404}}
{"timestamp":"2023-11-10T09:58:58.725Z","method":"DELETE","url":"/api/v2/event/delete-shop-event/648568b9d8c1eb92bcc26ac8","status":"401","responseTime":"0.457","response":{"status":401}}
{"timestamp":"2023-11-10T09:58:58.726Z","method":"GET","url":"/Custom-sticky-notes.png","status":"404","responseTime":"0.375","response":{"status":404}}
{"timestamp":"2023-11-10T09:59:27.908Z","method":"GET","url":"/api/v2/user/getuser","status":"401","responseTime":"0.284","response":{"status":401}}
{"timestamp":"2023-11-10T09:59:27.909Z","method":"GET","url":"/api/v2/shop/getSeller","status":"401","responseTime":"0.318","response":{"status":401}}
{"timestamp":"2023-11-10T09:59:27.914Z","method":"GET","url":"/api/v2/payment/stripeapikey","status":"200","responseTime":"0.372","response":{"status":200}}
{"timestamp":"2023-11-10T09:59:27.956Z","method":"GET","url":"/api/v2/product/get-all-products","status":"201","responseTime":"43.642","response":{"status":201}}
{"timestamp":"2023-11-10T09:59:27.957Z","method":"GET","url":"/api/v2/event/get-all-events","status":"201","responseTime":"44.719","response":{"status":201}}
{"timestamp":"2023-11-10T09:59:27.989Z","method":"DELETE","url":"/api/v2/event/delete-shop-event/648568b9d8c1eb92bcc26ac8","status":"401","responseTime":"0.387","response":{"status":401}}
{"timestamp":"2023-11-10T09:59:28.080Z","method":"GET","url":"/Custom-sticky-notes.png","status":"404","responseTime":"0.467","response":{"status":404}}
{"timestamp":"2023-11-10T09:59:28.886Z","method":"GET","url":"/api/v2/user/getuser","status":"401","responseTime":"0.450","response":{"status":401}}
{"timestamp":"2023-11-10T09:59:28.889Z","method":"GET","url":"/api/v2/shop/getSeller","status":"401","responseTime":"0.319","response":{"status":401}}
{"timestamp":"2023-11-10T09:59:28.892Z","method":"GET","url":"/api/v2/payment/stripeapikey","status":"304","responseTime":"0.250","response":{"status":304}}
{"timestamp":"2023-11-10T09:59:28.932Z","method":"GET","url":"/api/v2/product/get-all-products","status":"201","responseTime":"41.580","response":{"status":201}}
{"timestamp":"2023-11-10T09:59:28.935Z","method":"GET","url":"/api/v2/event/get-all-events","status":"201","responseTime":"43.523","response":{"status":201}}
{"timestamp":"2023-11-10T09:59:28.973Z","method":"GET","url":"/Custom-sticky-notes.png","status":"404","responseTime":"0.573","response":{"status":404}}
{"timestamp":"2023-11-10T09:59:28.984Z","method":"DELETE","url":"/api/v2/event/delete-shop-event/648568b9d8c1eb92bcc26ac8","status":"401","responseTime":"0.616","response":{"status":401}}
{"timestamp":"2023-11-10T09:59:44.676Z","method":"GET","url":"/api/v2/user/getuser","status":"401","responseTime":"0.388","response":{"status":401}}
{"timestamp":"2023-11-10T09:59:44.677Z","method":"GET","url":"/api/v2/shop/getSeller","status":"401","responseTime":"0.879","response":{"status":401}}
{"timestamp":"2023-11-10T09:59:44.682Z","method":"GET","url":"/api/v2/payment/stripeapikey","status":"304","responseTime":"0.282","response":{"status":304}}
{"timestamp":"2023-11-10T09:59:44.718Z","method":"GET","url":"/api/v2/event/get-all-events","status":"201","responseTime":"36.968","response":{"status":201}}
{"timestamp":"2023-11-10T09:59:44.724Z","method":"GET","url":"/api/v2/product/get-all-products","status":"201","responseTime":"44.573","response":{"status":201}}
{"timestamp":"2023-11-10T10:00:57.333Z","method":"POST","url":"/api/v2/user/login-user","status":"201","responseTime":"163.434","response":{"status":201}}
{"timestamp":"2023-11-10T10:00:57.373Z","method":"GET","url":"/Custom-sticky-notes.png","status":"404","responseTime":"0.420","response":{"status":404}}
{"timestamp":"2023-11-10T10:00:57.384Z","method":"DELETE","url":"/api/v2/event/delete-shop-event/648568b9d8c1eb92bcc26ac8","status":"401","responseTime":"0.605","response":{"status":401}}
{"timestamp":"2023-11-10T10:00:58.282Z","method":"GET","url":"/api/v2/shop/getSeller","status":"401","responseTime":"0.314","response":{"status":401}}
{"timestamp":"2023-11-10T10:00:58.287Z","method":"GET","url":"/api/v2/payment/stripeapikey","status":"304","responseTime":"0.362","response":{"status":304}}
{"timestamp":"2023-11-10T10:00:58.328Z","method":"GET","url":"/api/v2/product/get-all-products","status":"201","responseTime":"42.684","response":{"status":201}}
{"timestamp":"2023-11-10T10:00:58.331Z","method":"GET","url":"/api/v2/event/get-all-events","status":"201","responseTime":"44.082","response":{"status":201}}
{"timestamp":"2023-11-10T10:00:58.371Z","method":"GET","url":"/api/v2/user/getuser","status":"200","responseTime":"92.175","response":{"status":200}}
{"timestamp":"2023-11-10T10:00:58.372Z","method":"GET","url":"/Custom-sticky-notes.png","status":"404","responseTime":"5.404","response":{"status":404}}
{"timestamp":"2023-11-10T10:00:58.375Z","method":"DELETE","url":"/api/v2/event/delete-shop-event/648568b9d8c1eb92bcc26ac8","status":"401","responseTime":"0.329","response":{"status":401}}
{"timestamp":"2023-11-10T10:01:14.676Z","method":"GET","url":"/api/v2/shop/getSeller","status":"401","responseTime":"0.294","response":{"status":401}}
{"timestamp":"2023-11-10T10:01:14.688Z","method":"GET","url":"/api/v2/payment/stripeapikey","status":"304","responseTime":"0.452","response":{"status":304}}
{"timestamp":"2023-11-10T10:01:14.725Z","method":"GET","url":"/api/v2/event/get-all-events","status":"201","responseTime":"40.391","response":{"status":201}}
{"timestamp":"2023-11-10T10:01:14.733Z","method":"GET","url":"/api/v2/product/get-all-products","status":"201","responseTime":"49.443","response":{"status":201}}
{"timestamp":"2023-11-10T10:01:14.760Z","method":"GET","url":"/api/v2/user/getuser","status":"304","responseTime":"83.353","response":{"status":304}}
{"timestamp":"2023-11-10T10:01:35.059Z","method":"POST","url":"/api/v2/user/login-user","status":"201","responseTime":"152.088","response":{"status":201}}
{"timestamp":"2023-11-10T10:01:35.109Z","method":"GET","url":"/Custom-sticky-notes.png","status":"404","responseTime":"1.751","response":{"status":404}}
{"timestamp":"2023-11-10T10:01:35.116Z","method":"DELETE","url":"/api/v2/event/delete-shop-event/648568b9d8c1eb92bcc26ac8","status":"401","responseTime":"0.446","response":{"status":401}}
{"timestamp":"2023-11-10T10:01:36.046Z","method":"GET","url":"/api/v2/shop/getSeller","status":"401","responseTime":"0.539","response":{"status":401}}
{"timestamp":"2023-11-10T10:01:36.052Z","method":"GET","url":"/api/v2/payment/stripeapikey","status":"304","responseTime":"0.369","response":{"status":304}}
{"timestamp":"2023-11-10T10:01:36.086Z","method":"GET","url":"/api/v2/event/get-all-events","status":"201","responseTime":"35.596","response":{"status":201}}
{"timestamp":"2023-11-10T10:01:36.094Z","method":"GET","url":"/api/v2/product/get-all-products","status":"201","responseTime":"45.155","response":{"status":201}}
{"timestamp":"2023-11-10T10:01:36.112Z","method":"DELETE","url":"/api/v2/event/delete-shop-event/648568b9d8c1eb92bcc26ac8","status":"401","responseTime":"0.496","response":{"status":401}}
{"timestamp":"2023-11-10T10:01:36.124Z","method":"GET","url":"/api/v2/user/getuser","status":"200","responseTime":"80.943","response":{"status":200}}
{"timestamp":"2023-11-10T10:01:36.140Z","method":"GET","url":"/Custom-sticky-notes.png","status":"404","responseTime":"0.340","response":{"status":404}}
{"timestamp":"2023-11-10T10:01:36.162Z","method":"GET","url":"/Custom-sticky-notes.png","status":"404","responseTime":"0.207","response":{"status":404}}
{"timestamp":"2023-11-10T10:02:41.561Z","method":"GET","url":"/api/v2/user/logout","status":"201","responseTime":"40.170","response":{"status":201}}
{"timestamp":"2023-11-10T10:02:41.605Z","method":"GET","url":"/Custom-sticky-notes.png","status":"404","responseTime":"0.589","response":{"status":404}}
{"timestamp":"2023-11-10T10:02:41.622Z","method":"DELETE","url":"/api/v2/event/delete-shop-event/648568b9d8c1eb92bcc26ac8","status":"401","responseTime":"0.567","response":{"status":401}}
{"timestamp":"2023-11-10T10:02:42.593Z","method":"GET","url":"/api/v2/shop/getSeller","status":"401","responseTime":"0.484","response":{"status":401}}
{"timestamp":"2023-11-10T10:02:42.595Z","method":"GET","url":"/api/v2/user/getuser","status":"401","responseTime":"0.517","response":{"status":401}}
{"timestamp":"2023-11-10T10:02:42.601Z","method":"GET","url":"/api/v2/payment/stripeapikey","status":"304","responseTime":"0.326","response":{"status":304}}
{"timestamp":"2023-11-10T10:02:42.647Z","method":"GET","url":"/api/v2/product/get-all-products","status":"201","responseTime":"48.920","response":{"status":201}}
{"timestamp":"2023-11-10T10:02:42.650Z","method":"GET","url":"/api/v2/event/get-all-events","status":"201","responseTime":"50.008","response":{"status":201}}
{"timestamp":"2023-11-10T10:02:51.278Z","method":"POST","url":"/api/v2/user/login-user","status":"400","responseTime":"36.416","response":{"status":400}}
{"timestamp":"2023-11-10T10:03:00.609Z","method":"GET","url":"/api/v2/user/getuser","status":"401","responseTime":"0.460","response":{"status":401}}
{"timestamp":"2023-11-10T10:03:00.610Z","method":"GET","url":"/api/v2/shop/getSeller","status":"401","responseTime":"0.342","response":{"status":401}}
{"timestamp":"2023-11-10T10:03:00.615Z","method":"GET","url":"/api/v2/payment/stripeapikey","status":"304","responseTime":"0.399","response":{"status":304}}
{"timestamp":"2023-11-10T10:03:00.660Z","method":"GET","url":"/api/v2/product/get-all-products","status":"201","responseTime":"48.608","response":{"status":201}}
{"timestamp":"2023-11-10T10:03:00.663Z","method":"GET","url":"/api/v2/event/get-all-events","status":"201","responseTime":"50.076","response":{"status":201}}
{"timestamp":"2023-11-10T10:03:07.658Z","method":"POST","url":"/api/v2/shop/login-shop","status":"201","responseTime":"148.418","response":{"status":201}}
{"timestamp":"2023-11-10T10:03:07.949Z","method":"GET","url":"/api/v2/user/getuser","status":"401","responseTime":"0.413","response":{"status":401}}
{"timestamp":"2023-11-10T10:03:07.958Z","method":"GET","url":"/api/v2/payment/stripeapikey","status":"304","responseTime":"0.369","response":{"status":304}}
{"timestamp":"2023-11-10T10:03:07.999Z","method":"GET","url":"/api/v2/event/get-all-events","status":"201","responseTime":"43.002","response":{"status":201}}
{"timestamp":"2023-11-10T10:03:08.007Z","method":"GET","url":"/api/v2/product/get-all-products","status":"201","responseTime":"52.778","response":{"status":201}}
{"timestamp":"2023-11-10T10:03:08.034Z","method":"GET","url":"/api/v2/shop/getSeller","status":"200","responseTime":"83.853","response":{"status":200}}
{"timestamp":"2023-11-10T10:03:08.123Z","method":"GET","url":"/api/v2/order/get-seller-all-orders/64856667d8c1eb92bcc26a10","status":"200","responseTime":"41.003","response":{"status":200}}
{"timestamp":"2023-11-10T10:03:08.131Z","method":"GET","url":"/api/v2/product/get-all-products-shop/64856667d8c1eb92bcc26a10","status":"201","responseTime":"46.839","response":{"status":201}}
{"timestamp":"2023-11-10T10:03:21.007Z","method":"GET","url":"/undefined","status":"404","responseTime":"0.404","response":{"status":404}}
{"timestamp":"2023-11-10T10:03:21.021Z","method":"GET","url":"/Custom-sticky-notes.png","status":"404","responseTime":"0.371","response":{"status":404}}
{"timestamp":"2023-11-10T10:03:21.038Z","method":"GET","url":"/api/v2/product/get-all-products-shop/64856667d8c1eb92bcc26a10","status":"201","responseTime":"47.340","response":{"status":201}}
{"timestamp":"2023-11-10T10:03:21.041Z","method":"GET","url":"/api/v2/shop/get-shop-info/64856667d8c1eb92bcc26a10","status":"201","responseTime":"51.568","response":{"status":201}}
{"timestamp":"2023-11-10T10:03:21.044Z","method":"GET","url":"/api/v2/event/get-all-events/64856667d8c1eb92bcc26a10","status":"201","responseTime":"50.480","response":{"status":201}}
{"timestamp":"2023-11-10T10:03:21.097Z","method":"GET","url":"/api/v2/product/get-all-products-shop/64856667d8c1eb92bcc26a10","status":"201","responseTime":"50.060","response":{"status":201}}
{"timestamp":"2023-11-10T10:03:58.190Z","method":"GET","url":"/api/v2/shop/getSeller","status":"401","responseTime":"0.361","response":{"status":401}}
{"timestamp":"2023-11-10T10:03:58.199Z","method":"GET","url":"/api/v2/payment/stripeapikey","status":"304","responseTime":"0.398","response":{"status":304}}
{"timestamp":"2023-11-10T10:03:58.246Z","method":"GET","url":"/api/v2/product/get-all-products","status":"201","responseTime":"50.427","response":{"status":201}}
{"timestamp":"2023-11-10T10:03:58.249Z","method":"GET","url":"/api/v2/event/get-all-events","status":"201","responseTime":"51.429","response":{"status":201}}
{"timestamp":"2023-11-10T10:03:58.260Z","method":"GET","url":"/api/v2/user/getuser","status":"304","responseTime":"72.871","response":{"status":304}}
{"timestamp":"2023-11-10T10:03:58.291Z","method":"GET","url":"/Custom-sticky-notes.png","status":"404","responseTime":"2.051","response":{"status":404}}
{"timestamp":"2023-11-10T10:03:58.303Z","method":"DELETE","url":"/api/v2/event/delete-shop-event/648568b9d8c1eb92bcc26ac8","status":"401","responseTime":"0.503","response":{"status":401}}
{"timestamp":"2023-11-10T10:04:02.635Z","method":"GET","url":"/api/v2/shop/getSeller","status":"401","responseTime":"0.488","response":{"status":401}}
{"timestamp":"2023-11-10T10:04:02.639Z","method":"GET","url":"/api/v2/payment/stripeapikey","status":"304","responseTime":"0.315","response":{"status":304}}
{"timestamp":"2023-11-10T10:04:02.684Z","method":"GET","url":"/api/v2/product/get-all-products","status":"201","responseTime":"47.546","response":{"status":201}}
{"timestamp":"2023-11-10T10:04:02.686Z","method":"GET","url":"/api/v2/event/get-all-events","status":"201","responseTime":"48.546","response":{"status":201}}
{"timestamp":"2023-11-10T10:04:02.708Z","method":"GET","url":"/api/v2/user/getuser","status":"304","responseTime":"78.698","response":{"status":304}}
{"timestamp":"2023-11-10T10:04:08.423Z","method":"POST","url":"/api/v2/shop/login-shop","status":"201","responseTime":"146.080","response":{"status":201}}
{"timestamp":"2023-11-10T10:04:08.589Z","method":"GET","url":"/api/v2/payment/stripeapikey","status":"304","responseTime":"0.353","response":{"status":304}}
{"timestamp":"2023-11-10T10:04:08.637Z","method":"GET","url":"/api/v2/event/get-all-events","status":"201","responseTime":"50.186","response":{"status":201}}
{"timestamp":"2023-11-10T10:04:08.642Z","method":"GET","url":"/api/v2/product/get-all-products","status":"201","responseTime":"57.079","response":{"status":201}}
{"timestamp":"2023-11-10T10:04:08.680Z","method":"GET","url":"/api/v2/user/getuser","status":"304","responseTime":"101.173","response":{"status":304}}
{"timestamp":"2023-11-10T10:04:08.687Z","method":"GET","url":"/api/v2/shop/getSeller","status":"200","responseTime":"106.408","response":{"status":200}}
{"timestamp":"2023-11-10T10:04:08.751Z","method":"GET","url":"/api/v2/product/get-all-products-shop/6485bdefd8c1eb92bcc26ba0","status":"201","responseTime":"36.032","response":{"status":201}}
{"timestamp":"2023-11-10T10:04:08.754Z","method":"GET","url":"/api/v2/order/get-seller-all-orders/6485bdefd8c1eb92bcc26ba0","status":"200","responseTime":"40.369","response":{"status":200}}
{"timestamp":"2023-11-10T10:04:31.078Z","method":"GET","url":"/api/v2/product/get-all-products-shop/6485bdefd8c1eb92bcc26ba0","status":"201","responseTime":"40.155","response":{"status":201}}
{"timestamp":"2023-11-10T10:05:44.952Z","method":"POST","url":"/api/v2/product/create-product","status":"201","responseTime":"153.472","response":{"status":201}}
{"timestamp":"2023-11-10T10:05:45.020Z","method":"GET","url":"/api/v2/order/get-seller-all-orders/6485bdefd8c1eb92bcc26ba0","status":"304","responseTime":"37.887","response":{"status":304}}
{"timestamp":"2023-11-10T10:05:45.022Z","method":"GET","url":"/api/v2/product/get-all-products-shop/6485bdefd8c1eb92bcc26ba0","status":"201","responseTime":"38.721","response":{"status":201}}
{"timestamp":"2023-11-10T10:05:46.052Z","method":"GET","url":"/api/v2/payment/stripeapikey","status":"304","responseTime":"1.775","response":{"status":304}}
{"timestamp":"2023-11-10T10:05:46.094Z","method":"GET","url":"/api/v2/product/get-all-products","status":"201","responseTime":"49.847","response":{"status":201}}
{"timestamp":"2023-11-10T10:05:46.098Z","method":"GET","url":"/api/v2/event/get-all-events","status":"201","responseTime":"52.267","response":{"status":201}}
{"timestamp":"2023-11-10T10:05:46.114Z","method":"GET","url":"/api/v2/user/getuser","status":"304","responseTime":"75.892","response":{"status":304}}
{"timestamp":"2023-11-10T10:05:46.137Z","method":"GET","url":"/api/v2/shop/getSeller","status":"304","responseTime":"89.866","response":{"status":304}}
{"timestamp":"2023-11-10T10:05:46.196Z","method":"GET","url":"/api/v2/product/get-all-products-shop/6485bdefd8c1eb92bcc26ba0","status":"201","responseTime":"36.144","response":{"status":201}}
{"timestamp":"2023-11-10T10:05:46.198Z","method":"GET","url":"/api/v2/order/get-seller-all-orders/6485bdefd8c1eb92bcc26ba0","status":"304","responseTime":"39.592","response":{"status":304}}
{"timestamp":"2023-11-10T10:06:02.630Z","method":"GET","url":"/api/v2/product/get-all-products-shop/6485bdefd8c1eb92bcc26ba0","status":"201","responseTime":"41.082","response":{"status":201}}
{"timestamp":"2023-11-10T10:08:45.506Z","method":"GET","url":"/api/v2/order/get-seller-all-orders/6485bdefd8c1eb92bcc26ba0","status":"304","responseTime":"37.574","response":{"status":304}}
{"timestamp":"2023-11-10T10:08:46.384Z","method":"GET","url":"/api/v2/product/get-all-products-shop/6485bdefd8c1eb92bcc26ba0","status":"201","responseTime":"36.113","response":{"status":201}}
{"timestamp":"2023-11-10T10:08:46.386Z","method":"GET","url":"/api/v2/order/get-seller-all-orders/6485bdefd8c1eb92bcc26ba0","status":"304","responseTime":"40.438","response":{"status":304}}
{"timestamp":"2023-11-10T10:09:25.283Z","method":"GET","url":"/Custom-sticky-notes.png","status":"404","responseTime":"2.199","response":{"status":404}}
{"timestamp":"2023-11-10T10:09:26.252Z","method":"GET","url":"/api/v2/product/get-all-products-shop/64856667d8c1eb92bcc26a10","status":"201","responseTime":"48.073","response":{"status":201}}
{"timestamp":"2023-11-10T10:09:26.254Z","method":"GET","url":"/api/v2/order/get-seller-all-orders/64856667d8c1eb92bcc26a10","status":"304","responseTime":"52.773","response":{"status":304}}
{"timestamp":"2023-11-10T10:09:50.967Z","method":"GET","url":"/api/v2/product/get-all-products-shop/64856667d8c1eb92bcc26a10","status":"201","responseTime":"60.718","response":{"status":201}}
{"timestamp":"2023-11-10T10:10:41.217Z","method":"GET","url":"/api/v2/product/get-all-products-shop/6485bdefd8c1eb92bcc26ba0","status":"201","responseTime":"43.393","response":{"status":201}}
{"timestamp":"2023-11-10T10:11:15.535Z","method":"GET","url":"/api/v2/product/get-all-products-shop/6485bdefd8c1eb92bcc26ba0","status":"201","responseTime":"40.465","response":{"status":201}}
{"timestamp":"2023-11-10T10:11:52.401Z","method":"GET","url":"/api/v2/shop/get-analytics-data/6485bdefd8c1eb92bcc26ba0","status":"201","responseTime":"161.740","response":{"status":201}}
{"timestamp":"2023-11-10T10:12:13.257Z","method":"GET","url":"/api/v2/payment/stripeapikey","status":"304","responseTime":"0.270","response":{"status":304}}
{"timestamp":"2023-11-10T10:12:13.305Z","method":"GET","url":"/api/v2/product/get-all-products","status":"201","responseTime":"48.600","response":{"status":201}}
{"timestamp":"2023-11-10T10:12:13.307Z","method":"GET","url":"/api/v2/event/get-all-events","status":"201","responseTime":"50.907","response":{"status":201}}
{"timestamp":"2023-11-10T10:12:13.328Z","method":"GET","url":"/api/v2/shop/getSeller","status":"304","responseTime":"74.553","response":{"status":304}}
{"timestamp":"2023-11-10T10:12:13.330Z","method":"GET","url":"/api/v2/user/getuser","status":"304","responseTime":"82.270","response":{"status":304}}
{"timestamp":"2023-11-10T10:12:13.336Z","method":"GET","url":"/Custom-sticky-notes.png","status":"404","responseTime":"1.545","response":{"status":404}}
{"timestamp":"2023-11-10T10:12:13.380Z","method":"DELETE","url":"/api/v2/event/delete-shop-event/648568b9d8c1eb92bcc26ac8","status":"401","responseTime":"0.658","response":{"status":401}}
{"timestamp":"2023-11-10T10:12:34.292Z","method":"GET","url":"/api/v2/product/get-all-products-shop/6485bdefd8c1eb92bcc26ba0","status":"201","responseTime":"39.100","response":{"status":201}}
{"timestamp":"2023-11-10T10:12:34.294Z","method":"GET","url":"/api/v2/order/get-seller-all-orders/6485bdefd8c1eb92bcc26ba0","status":"304","responseTime":"42.651","response":{"status":304}}
{"timestamp":"2023-11-10T10:12:37.978Z","method":"DELETE","url":"/api/v2/event/delete-shop-event/648568b9d8c1eb92bcc26ac8","status":"401","responseTime":"0.354","response":{"status":401}}
{"timestamp":"2023-11-10T10:12:37.980Z","method":"GET","url":"/Custom-sticky-notes.png","status":"404","responseTime":"0.342","response":{"status":404}}
{"timestamp":"2023-11-10T10:12:42.040Z","method":"GET","url":"/api/v2/product/get-all-products-shop/6485bdefd8c1eb92bcc26ba0","status":"201","responseTime":"35.706","response":{"status":201}}
{"timestamp":"2023-11-10T10:12:42.041Z","method":"GET","url":"/api/v2/order/get-seller-all-orders/6485bdefd8c1eb92bcc26ba0","status":"304","responseTime":"38.923","response":{"status":304}}
{"timestamp":"2023-11-10T10:20:07.918Z","method":"GET","url":"/api/v2/order/get-all-orders/64856defd8c1eb92bcc26b7f","status":"200","responseTime":"40.187","response":{"status":200}}
{"timestamp":"2023-11-10T10:20:09.689Z","method":"GET","url":"/api/v2/order/get-all-orders/64856defd8c1eb92bcc26b7f","status":"304","responseTime":"41.415","response":{"status":304}}
{"timestamp":"2023-11-10T10:20:14.586Z","method":"GET","url":"/Custom-sticky-notes.png","status":"404","responseTime":"3.318","response":{"status":404}}
{"timestamp":"2023-11-10T10:20:14.604Z","method":"DELETE","url":"/api/v2/event/delete-shop-event/648568b9d8c1eb92bcc26ac8","status":"401","responseTime":"0.457","response":{"status":401}}
{"timestamp":"2023-11-10T10:20:14.607Z","method":"GET","url":"/Custom-sticky-notes.png","status":"404","responseTime":"0.361","response":{"status":404}}
{"timestamp":"2023-11-10T10:20:18.042Z","method":"GET","url":"/api/v2/payment/stripeapikey","status":"304","responseTime":"0.314","response":{"status":304}}
{"timestamp":"2023-11-10T10:20:18.090Z","method":"GET","url":"/api/v2/product/get-all-products","status":"201","responseTime":"50.762","response":{"status":201}}
{"timestamp":"2023-11-10T10:20:18.093Z","method":"GET","url":"/api/v2/event/get-all-events","status":"201","responseTime":"52.481","response":{"status":201}}
{"timestamp":"2023-11-10T10:20:18.111Z","method":"GET","url":"/api/v2/shop/getSeller","status":"304","responseTime":"75.908","response":{"status":304}}
{"timestamp":"2023-11-10T10:20:18.114Z","method":"GET","url":"/api/v2/user/getuser","status":"304","responseTime":"83.114","response":{"status":304}}
{"timestamp":"2023-11-10T10:20:32.928Z","method":"GET","url":"/api/v2/payment/stripeapikey","status":"304","responseTime":"0.423","response":{"status":304}}
{"timestamp":"2023-11-10T10:20:32.974Z","method":"GET","url":"/api/v2/product/get-all-products","status":"201","responseTime":"48.225","response":{"status":201}}
{"timestamp":"2023-11-10T10:20:32.976Z","method":"GET","url":"/api/v2/event/get-all-events","status":"201","responseTime":"49.662","response":{"status":201}}
{"timestamp":"2023-11-10T10:20:32.996Z","method":"GET","url":"/api/v2/user/getuser","status":"304","responseTime":"78.674","response":{"status":304}}
{"timestamp":"2023-11-10T10:20:33.004Z","method":"GET","url":"/api/v2/shop/getSeller","status":"304","responseTime":"81.743","response":{"status":304}}
{"timestamp":"2023-11-10T10:20:45.165Z","method":"GET","url":"/api/v2/payment/stripeapikey","status":"304","responseTime":"0.339","response":{"status":304}}
{"timestamp":"2023-11-10T10:20:45.201Z","method":"GET","url":"/api/v2/event/get-all-events","status":"201","responseTime":"37.693","response":{"status":201}}
{"timestamp":"2023-11-10T10:20:45.211Z","method":"GET","url":"/api/v2/product/get-all-products","status":"201","responseTime":"48.994","response":{"status":201}}
{"timestamp":"2023-11-10T10:20:45.238Z","method":"GET","url":"/api/v2/user/getuser","status":"304","responseTime":"81.517","response":{"status":304}}
{"timestamp":"2023-11-10T10:20:45.240Z","method":"GET","url":"/api/v2/shop/getSeller","status":"304","responseTime":"80.748","response":{"status":304}}
{"timestamp":"2023-11-10T10:20:53.995Z","method":"GET","url":"/api/v2/user/logout","status":"201","responseTime":"41.000","response":{"status":201}}
{"timestamp":"2023-11-10T10:20:54.044Z","method":"GET","url":"/Custom-sticky-notes.png","status":"404","responseTime":"2.789","response":{"status":404}}
{"timestamp":"2023-11-10T10:20:54.045Z","method":"DELETE","url":"/api/v2/event/delete-shop-event/648568b9d8c1eb92bcc26ac8","status":"401","responseTime":"1.360","response":{"status":401}}
{"timestamp":"2023-11-10T10:20:54.268Z","method":"GET","url":"/api/v2/user/getuser","status":"401","responseTime":"0.508","response":{"status":401}}
{"timestamp":"2023-11-10T10:20:54.269Z","method":"GET","url":"/api/v2/shop/getSeller","status":"401","responseTime":"0.480","response":{"status":401}}
{"timestamp":"2023-11-10T10:20:54.274Z","method":"GET","url":"/api/v2/payment/stripeapikey","status":"304","responseTime":"0.304","response":{"status":304}}
{"timestamp":"2023-11-10T10:20:54.317Z","method":"GET","url":"/api/v2/product/get-all-products","status":"201","responseTime":"47.001","response":{"status":201}}
{"timestamp":"2023-11-10T10:20:54.320Z","method":"GET","url":"/api/v2/event/get-all-events","status":"201","responseTime":"47.583","response":{"status":201}}
{"timestamp":"2023-11-10T10:21:53.627Z","method":"GET","url":"/api/v2/user/getuser","status":"401","responseTime":"0.679","response":{"status":401}}
{"timestamp":"2023-11-10T10:21:53.629Z","method":"GET","url":"/api/v2/shop/getSeller","status":"401","responseTime":"0.362","response":{"status":401}}
{"timestamp":"2023-11-10T10:21:53.634Z","method":"GET","url":"/api/v2/payment/stripeapikey","status":"304","responseTime":"0.397","response":{"status":304}}
{"timestamp":"2023-11-10T10:21:53.676Z","method":"GET","url":"/api/v2/product/get-all-products","status":"201","responseTime":"45.357","response":{"status":201}}
{"timestamp":"2023-11-10T10:21:53.678Z","method":"GET","url":"/api/v2/event/get-all-events","status":"201","responseTime":"45.894","response":{"status":201}}
{"timestamp":"2023-11-10T10:22:46.559Z","method":"GET","url":"/api/v2/user/getuser","status":"401","responseTime":"0.377","response":{"status":401}}
{"timestamp":"2023-11-10T10:22:46.568Z","method":"GET","url":"/api/v2/payment/stripeapikey","status":"304","responseTime":"0.477","response":{"status":304}}
{"timestamp":"2023-11-10T10:22:46.612Z","method":"GET","url":"/api/v2/product/get-all-products","status":"201","responseTime":"48.088","response":{"status":201}}
{"timestamp":"2023-11-10T10:22:46.617Z","method":"GET","url":"/api/v2/event/get-all-events","status":"201","responseTime":"50.819","response":{"status":201}}
{"timestamp":"2023-11-10T10:22:46.656Z","method":"GET","url":"/api/v2/shop/getSeller","status":"304","responseTime":"94.816","response":{"status":304}}
{"timestamp":"2023-11-10T10:24:30.165Z","method":"GET","url":"/api/v2/user/getuser","status":"401","responseTime":"0.460","response":{"status":401}}
{"timestamp":"2023-11-10T10:24:30.176Z","method":"GET","url":"/api/v2/payment/stripeapikey","status":"304","responseTime":"0.372","response":{"status":304}}
{"timestamp":"2023-11-10T10:24:30.213Z","method":"GET","url":"/api/v2/event/get-all-events","status":"201","responseTime":"38.221","response":{"status":201}}
{"timestamp":"2023-11-10T10:24:30.223Z","method":"GET","url":"/api/v2/product/get-all-products","status":"201","responseTime":"51.221","response":{"status":201}}
{"timestamp":"2023-11-10T10:24:30.256Z","method":"GET","url":"/api/v2/shop/getSeller","status":"304","responseTime":"87.934","response":{"status":304}}
{"timestamp":"2023-11-10T10:24:30.259Z","method":"DELETE","url":"/api/v2/event/delete-shop-event/648568b9d8c1eb92bcc26ac8","status":"401","responseTime":"0.802","response":{"status":401}}
{"timestamp":"2023-11-10T10:24:30.281Z","method":"GET","url":"/Custom-sticky-notes.png","status":"404","responseTime":"0.377","response":{"status":404}}
{"timestamp":"2023-11-10T10:39:22.174Z","method":"DELETE","url":"/api/v2/event/delete-shop-event/648568b9d8c1eb92bcc26ac8","status":"401","responseTime":"0.385","response":{"status":401}}
{"timestamp":"2023-11-10T11:04:31.134Z","method":"DELETE","url":"/api/v2/event/delete-shop-event/648568b9d8c1eb92bcc26ac8","status":"401","responseTime":"0.652","response":{"status":401}}
{"timestamp":"2023-11-10T11:04:34.891Z","method":"GET","url":"/api/v2/user/getuser","status":"401","responseTime":"0.642","response":{"status":401}}
{"timestamp":"2023-11-10T11:04:34.911Z","method":"GET","url":"/api/v2/payment/stripeapikey","status":"304","responseTime":"0.316","response":{"status":304}}
{"timestamp":"2023-11-10T11:04:34.953Z","method":"GET","url":"/api/v2/product/get-all-products","status":"201","responseTime":"45.399","response":{"status":201}}
{"timestamp":"2023-11-10T11:04:34.957Z","method":"GET","url":"/api/v2/event/get-all-events","status":"201","responseTime":"47.458","response":{"status":201}}
{"timestamp":"2023-11-10T11:04:34.982Z","method":"DELETE","url":"/api/v2/event/delete-shop-event/648568b9d8c1eb92bcc26ac8","status":"401","responseTime":"0.536","response":{"status":401}}
{"timestamp":"2023-11-10T11:04:34.990Z","method":"GET","url":"/api/v2/shop/getSeller","status":"304","responseTime":"96.624","response":{"status":304}}
