{"timestamp":"2023-10-17T08:04:38.355Z","method":"GET","url":"/api/v2/user/getuser","status":"401","responseTime":"5.893","response":{"status":401}}
{"timestamp":"2023-10-17T08:04:38.359Z","method":"GET","url":"/api/v2/shop/getSeller","status":"401","responseTime":"1.826","response":{"status":401}}
{"timestamp":"2023-10-17T08:04:38.379Z","method":"GET","url":"/api/v2/payment/stripeapikey","status":"200","responseTime":"0.680","response":{"status":200}}
{"timestamp":"2023-10-17T08:04:38.467Z","method":"GET","url":"/api/v2/event/get-all-events","status":"201","responseTime":"91.309","response":{"status":201}}
{"timestamp":"2023-10-17T08:04:38.481Z","method":"DELETE","url":"/api/v2/event/delete-shop-event/648568b9d8c1eb92bcc26ac8","status":"401","responseTime":"1.908","response":{"status":401}}
{"timestamp":"2023-10-17T08:04:38.504Z","method":"GET","url":"/api/v2/product/get-all-products","status":"201","responseTime":"141.075","response":{"status":201}}
{"timestamp":"2023-10-17T08:04:38.533Z","method":"GET","url":"/Custom-sticky-notes.png","status":"404","responseTime":"2.258","response":{"status":404}}
{"timestamp":"2023-10-17T08:04:39.489Z","method":"DELETE","url":"/api/v2/event/delete-shop-event/648568b9d8c1eb92bcc26ac8","status":"401","responseTime":"0.809","response":{"status":401}}
{"timestamp":"2023-10-17T08:04:40.505Z","method":"DELETE","url":"/api/v2/event/delete-shop-event/648568b9d8c1eb92bcc26ac8","status":"401","responseTime":"0.585","response":{"status":401}}
{"timestamp":"2023-10-17T08:04:41.508Z","method":"DELETE","url":"/api/v2/event/delete-shop-event/648568b9d8c1eb92bcc26ac8","status":"401","responseTime":"0.591","response":{"status":401}}
{"timestamp":"2023-10-17T08:04:42.526Z","method":"DELETE","url":"/api/v2/event/delete-shop-event/648568b9d8c1eb92bcc26ac8","status":"401","responseTime":"0.940","response":{"status":401}}
{"timestamp":"2023-10-17T08:04:43.541Z","method":"DELETE","url":"/api/v2/event/delete-shop-event/648568b9d8c1eb92bcc26ac8","status":"401","responseTime":"0.489","response":{"status":401}}
{"timestamp":"2023-10-17T08:04:44.555Z","method":"DELETE","url":"/api/v2/event/delete-shop-event/648568b9d8c1eb92bcc26ac8","status":"401","responseTime":"0.537","response":{"status":401}}
{"timestamp":"2023-10-17T08:04:45.565Z","method":"DELETE","url":"/api/v2/event/delete-shop-event/648568b9d8c1eb92bcc26ac8","status":"401","responseTime":"0.365","response":{"status":401}}
{"timestamp":"2023-10-17T08:04:46.568Z","method":"DELETE","url":"/api/v2/event/delete-shop-event/648568b9d8c1eb92bcc26ac8","status":"401","responseTime":"0.426","response":{"status":401}}
{"timestamp":"2023-10-17T08:04:47.578Z","method":"DELETE","url":"/api/v2/event/delete-shop-event/648568b9d8c1eb92bcc26ac8","status":"401","responseTime":"0.332","response":{"status":401}}
{"timestamp":"2023-10-17T08:04:48.591Z","method":"DELETE","url":"/api/v2/event/delete-shop-event/648568b9d8c1eb92bcc26ac8","status":"401","responseTime":"0.228","response":{"status":401}}
{"timestamp":"2023-10-17T08:04:49.602Z","method":"DELETE","url":"/api/v2/event/delete-shop-event/648568b9d8c1eb92bcc26ac8","status":"401","responseTime":"0.257","response":{"status":401}}
{"timestamp":"2023-10-17T08:04:50.606Z","method":"DELETE","url":"/api/v2/event/delete-shop-event/648568b9d8c1eb92bcc26ac8","status":"401","responseTime":"0.617","response":{"status":401}}
{"timestamp":"2023-10-17T08:04:51.613Z","method":"DELETE","url":"/api/v2/event/delete-shop-event/648568b9d8c1eb92bcc26ac8","status":"401","responseTime":"0.658","response":{"status":401}}
{"timestamp":"2023-10-17T08:04:52.624Z","method":"DELETE","url":"/api/v2/event/delete-shop-event/648568b9d8c1eb92bcc26ac8","status":"401","responseTime":"0.454","response":{"status":401}}
{"timestamp":"2023-10-17T08:04:53.635Z","method":"DELETE","url":"/api/v2/event/delete-shop-event/648568b9d8c1eb92bcc26ac8","status":"401","responseTime":"0.337","response":{"status":401}}
{"timestamp":"2023-10-17T08:04:54.646Z","method":"DELETE","url":"/api/v2/event/delete-shop-event/648568b9d8c1eb92bcc26ac8","status":"401","responseTime":"0.612","response":{"status":401}}
{"timestamp":"2023-10-17T08:04:55.649Z","method":"DELETE","url":"/api/v2/event/delete-shop-event/648568b9d8c1eb92bcc26ac8","status":"401","responseTime":"0.657","response":{"status":401}}
{"timestamp":"2023-10-17T08:04:56.651Z","method":"DELETE","url":"/api/v2/event/delete-shop-event/648568b9d8c1eb92bcc26ac8","status":"401","responseTime":"0.568","response":{"status":401}}
{"timestamp":"2023-10-17T08:04:57.656Z","method":"DELETE","url":"/api/v2/event/delete-shop-event/648568b9d8c1eb92bcc26ac8","status":"401","responseTime":"1.462","response":{"status":401}}
{"timestamp":"2023-10-17T08:04:58.671Z","method":"DELETE","url":"/api/v2/event/delete-shop-event/648568b9d8c1eb92bcc26ac8","status":"401","responseTime":"0.546","response":{"status":401}}
{"timestamp":"2023-10-17T08:04:59.670Z","method":"DELETE","url":"/api/v2/event/delete-shop-event/648568b9d8c1eb92bcc26ac8","status":"401","responseTime":"0.598","response":{"status":401}}
{"timestamp":"2023-10-17T08:05:00.689Z","method":"DELETE","url":"/api/v2/event/delete-shop-event/648568b9d8c1eb92bcc26ac8","status":"401","responseTime":"0.583","response":{"status":401}}
{"timestamp":"2023-10-17T08:05:01.691Z","method":"DELETE","url":"/api/v2/event/delete-shop-event/648568b9d8c1eb92bcc26ac8","status":"401","responseTime":"0.539","response":{"status":401}}
{"timestamp":"2023-10-17T08:05:02.702Z","method":"DELETE","url":"/api/v2/event/delete-shop-event/648568b9d8c1eb92bcc26ac8","status":"401","responseTime":"0.472","response":{"status":401}}
{"timestamp":"2023-10-17T08:05:03.705Z","method":"DELETE","url":"/api/v2/event/delete-shop-event/648568b9d8c1eb92bcc26ac8","status":"401","responseTime":"0.326","response":{"status":401}}
{"timestamp":"2023-10-17T08:05:04.710Z","method":"DELETE","url":"/api/v2/event/delete-shop-event/648568b9d8c1eb92bcc26ac8","status":"401","responseTime":"0.675","response":{"status":401}}
{"timestamp":"2023-10-17T08:05:05.721Z","method":"DELETE","url":"/api/v2/event/delete-shop-event/648568b9d8c1eb92bcc26ac8","status":"401","responseTime":"0.528","response":{"status":401}}
{"timestamp":"2023-10-17T08:05:06.733Z","method":"DELETE","url":"/api/v2/event/delete-shop-event/648568b9d8c1eb92bcc26ac8","status":"401","responseTime":"0.582","response":{"status":401}}
{"timestamp":"2023-10-17T08:05:07.748Z","method":"DELETE","url":"/api/v2/event/delete-shop-event/648568b9d8c1eb92bcc26ac8","status":"401","responseTime":"0.531","response":{"status":401}}
{"timestamp":"2023-10-17T08:05:08.753Z","method":"DELETE","url":"/api/v2/event/delete-shop-event/648568b9d8c1eb92bcc26ac8","status":"401","responseTime":"0.477","response":{"status":401}}
{"timestamp":"2023-10-17T08:05:09.751Z","method":"DELETE","url":"/api/v2/event/delete-shop-event/648568b9d8c1eb92bcc26ac8","status":"401","responseTime":"0.461","response":{"status":401}}
{"timestamp":"2023-10-17T08:05:10.757Z","method":"DELETE","url":"/api/v2/event/delete-shop-event/648568b9d8c1eb92bcc26ac8","status":"401","responseTime":"0.509","response":{"status":401}}
{"timestamp":"2023-10-17T08:05:11.759Z","method":"DELETE","url":"/api/v2/event/delete-shop-event/648568b9d8c1eb92bcc26ac8","status":"401","responseTime":"0.805","response":{"status":401}}
{"timestamp":"2023-10-17T08:05:12.761Z","method":"DELETE","url":"/api/v2/event/delete-shop-event/648568b9d8c1eb92bcc26ac8","status":"401","responseTime":"0.304","response":{"status":401}}
{"timestamp":"2023-10-17T08:05:13.773Z","method":"DELETE","url":"/api/v2/event/delete-shop-event/648568b9d8c1eb92bcc26ac8","status":"401","responseTime":"0.258","response":{"status":401}}
{"timestamp":"2023-10-17T08:05:14.783Z","method":"DELETE","url":"/api/v2/event/delete-shop-event/648568b9d8c1eb92bcc26ac8","status":"401","responseTime":"0.627","response":{"status":401}}
{"timestamp":"2023-10-17T08:05:15.788Z","method":"DELETE","url":"/api/v2/event/delete-shop-event/648568b9d8c1eb92bcc26ac8","status":"401","responseTime":"0.321","response":{"status":401}}
{"timestamp":"2023-10-17T08:05:16.797Z","method":"DELETE","url":"/api/v2/event/delete-shop-event/648568b9d8c1eb92bcc26ac8","status":"401","responseTime":"0.692","response":{"status":401}}
{"timestamp":"2023-10-17T08:05:17.807Z","method":"DELETE","url":"/api/v2/event/delete-shop-event/648568b9d8c1eb92bcc26ac8","status":"401","responseTime":"0.714","response":{"status":401}}
{"timestamp":"2023-10-17T08:05:18.810Z","method":"DELETE","url":"/api/v2/event/delete-shop-event/648568b9d8c1eb92bcc26ac8","status":"401","responseTime":"0.573","response":{"status":401}}
{"timestamp":"2023-10-17T08:05:21.290Z","method":"GET","url":"/api/v2/user/getuser","status":"401","responseTime":"1.754","response":{"status":401}}
{"timestamp":"2023-10-17T08:05:21.293Z","method":"GET","url":"/api/v2/shop/getSeller","status":"401","responseTime":"1.102","response":{"status":401}}
{"timestamp":"2023-10-17T08:05:21.300Z","method":"GET","url":"/api/v2/payment/stripeapikey","status":"304","responseTime":"0.564","response":{"status":304}}
{"timestamp":"2023-10-17T08:05:21.339Z","method":"GET","url":"/api/v2/event/get-all-events","status":"201","responseTime":"41.666","response":{"status":201}}
{"timestamp":"2023-10-17T08:05:21.371Z","method":"GET","url":"/api/v2/product/get-all-products","status":"201","responseTime":"76.131","response":{"status":201}}
{"timestamp":"2023-10-17T08:05:37.646Z","method":"POST","url":"/api/v2/user/create-user","status":"400","responseTime":"77.994","response":{"status":400}}
{"timestamp":"2023-10-17T08:05:45.532Z","method":"POST","url":"/api/v2/user/create-user","status":"400","responseTime":"75.743","response":{"status":400}}
{"timestamp":"2023-10-17T08:05:55.483Z","method":"POST","url":"/api/v2/user/create-user","status":"201","responseTime":"3230.692","response":{"status":201}}
{"timestamp":"2023-10-17T08:06:51.771Z","method":"POST","url":"/api/v2/user/create-user","status":"201","responseTime":"3276.502","response":{"status":201}}
{"timestamp":"2023-10-17T08:07:33.350Z","method":"POST","url":"/api/v2/user/create-user","status":"201","responseTime":"3326.569","response":{"status":201}}
